date Sun Sep 15 16:47:21 AEST 2019
hostname raijin1
system Linux raijin1 3.10.0-957.21.3.el6.x86_64 #1 SMP Wed Jun 19 09:41:06 AEST 2019 x86_64 x86_64 x86_64 GNU/Linux
user hm1876
output data in /short/ep0/hm1876/TEOS/Molecular-Adsorption/100/option4/100-TEOS-01.out
crystal executable in /home/561/hm1876/crystal/crystal17/bin/Linux-ifort17_XE_emt64/v1.0.2
input data in /short/ep0/hm1876/TEOS/Molecular-Adsorption/100/option4/100-TEOS-01.d12
temporary directory /home/561/hm1876/tmp7418_hm1876
external geometry input from /short/ep0/hm1876/TEOS/Molecular-Adsorption/100/option4/100-TEOS-01.gui
external geometry input saved in /short/ep0/hm1876/TEOS/Molecular-Adsorption/100/option4/100-TEOS-01_inp.gui
Ceria 110-ly7-TEOS-2CH3
external
FRACTION
ATOMINSE
33
14	7.671500520000	8.711336270264	8.697999999990
8	6.309500520000	9.684336270264	8.697999999990
8	7.671500520000	7.738336270264	10.059999999990
8	9.033500520000	9.684336270264	8.697999999990
8	7.671500520000	7.738336270264	7.335999999990
6	5.021500520000	9.084336270264	8.697999999990
6	10.321500520000	9.084336270264	8.697999999990
6	7.671500520000	8.338336270264	11.347999999990
6	7.671500520000	8.338336270264	6.047999999990
6	3.970500520000	10.176336270264	8.697999999990
6	11.372500520000	10.176336270264	8.697999999990
6	7.671500520000	7.246336270264	12.398999999990
6	7.671500520000	7.246336270264	4.996999999990
1	2.963500520000	9.747336270264	8.697999999990
1	12.379500520000	9.747336270264	8.697999999990
1	7.671500520000	7.675336270264	13.405999999990
1	6.793500520000	6.606336270264	5.107999999990
1	4.081500520000	10.816336270264	9.575999999990
1	4.081500520000	10.816336270264	7.819999999990
1	4.890500520000	8.459336270264	9.590999999990
1	4.890500520000	8.459336270264	7.804999999990
1	6.793500520000	6.606336270264	12.287999999990
1	8.549500520000	6.606336270264	12.287999999990
1	8.564500520000	8.963336270264	11.478999999990
1	6.778500520000	8.963336270264	11.478999999990
1	10.452500520000	8.459336270264	9.590999999990
1	10.452500520000	8.459336270264	7.804999999990
1	11.261500520000	10.816336270264	9.575999999990
1	11.261500520000	10.816336270264	7.819999999990
1	6.778500520000	8.963336270264	5.916999999990
1	8.564500520000	8.963336270264	5.916999999990
1	8.549500520000	6.606336270264	5.107999999990
1	7.671500520000	7.675336270264	3.989999999990
SYMMREMO
TESTGEOM
optgeom
atomonly
FRAGMENT
177
1       2       3       4       5       6       7       8       9       10      11      12      13      14      15      16      17      18      19      20      21      22
      23      24      25      26      27      28      29      30      31      32      33      34      35      36      37      38      39      40      41      42      43
      44      45      46      47      48      49      50      51      52      53      54      55      56      57      58      59      60      61      62      63      64
      65      66      67      68      69      70      71      72      73      74      75      76      77      78      79      80      81      82      83      84      85
      86      87      88      89      90      91      92      93      94      95      96      97      98      99      100     101     102     103     104     105     106
     107     108     109     110     111     112     113     114     115     116     117     118     119     120     121     122     123     124     125     126     127
     128     129     130     131     132     133     134     135     136     137     138     139     140     141     142     143     144     193     194     195     196
     197     198     199     200     201     202     203     204     205     206     207     208     209     210     211     212     213     214     215     216     217
     218     219     220     221     222     223     224     225
end
END
258 9
INPUT
30. 0 1 1 1 1 1 
20.137829 580.083457 0
15.998482 310.302833 0
14.974187 167.813944 0
23.402455 -49.390229 0
16.570553 -21.331879 0
0 1 4 8. 1.
101.7 0.00726 0.002188
44.8 -0.09923 -0.008290
24.5 0.50636 0.08332
12.306 -1.01163 -0.39978
0 1 3 8. 1.0
6.7756 -0.1859 0.2271
3.2632 1.0045 0.6945
1.564 0.4841 0.3529
0 1 2 4. 1. 
0.7831 0.633 0.6035
0.3389 0.9051 0.6571
0 1 1 0. 1.
0.162 1. 1.
0 3 6 10.0 1.0
40.79 0.0083
15.24 -0.0583
6.827 0.219
3.78 0.4152
2.041 0.3666
1.034 0.1445
0 3 1 0.0 1.0
0.4802 1.
0 4 4 0. 1.0
83.88 0.005
30.04 0.0442
12.92 0.1352
5.851 0.2670
0 4 3 0. 1.0
2.635 0.3490
1.17 0.3327
0.5061 0.221
0 4 1 0. 1.
0.2782 1.
8 6
0 0 6 2.0 1.0
 8588.5000000  0.00189515
 1297.2300000  0.0143859
 299.2960000   0.0707320
 87.3771000    0.2400010
 25.6789000    0.5947970
 3.7400400     0.2808020
0 1 2 6. 1.0
 42.1175000  0.1138890  0.0365114
  9.6283700  0.9208110  0.2371530
0 1 1 0. 1.0
  2.8533200 -0.00327447 0.8197020
0 1 1 0. 1.0
 0.8982 1.0000000 1.0000000
0 1 1 0. 1.0
 0.272 1.0000000 1.0000000
0 3 1 0. 1.0
 1.25 1.0000000
14 6
0 0 6 2.0 1.0
 1.612E+04 1.959E-03 0.000E+00 
 2.426E+03 1.493E-02 0.000E+00
 5.539E+02 7.285E-02 0.000E+00
 1.563E+02 2.461E-01 0.000E+00
 5.007E+01 4.859E-01 0.000E+00
 1.702E+01 3.250E-01 0.000E+00
0 1 5 8.0 1.0
 2.927E+02 -2.781E-03 4.438E-03
 6.987E+01 -3.571E-02 3.267E-02
 2.234E+01 -1.150E-01 1.347E-01
 8.150E+00 9.356E-02 3.287E-01
 3.135E+00 6.030E-01 4.496E-01
0 1 1 4.0 1.0
 1.220E+00 1.000E+00 1.000E+00
0 1 1 0.0 1.0 
 0.550E+00 1.000E+00 1.000E+00
0 1 1 0.0 1.0 
 0.270E+00 1.000E+00 1.000E+00
0 3 1 0.0 1.0 
 0.500E+00 1.000E+00 
6 4
0 0 6 2.0 1.0
 3048.0 0.001826
 456.4 0.01406
 103.7 0.06876
 29.23 0.2304
 9.349 0.4685
 3.189 0.3628
0 1 2 4.0 1.0
 3.665 -0.3959 0.2365
 0.7705 1.216 0.8606
0 1 1 0.0 1.0
 0.26 1.0 1.0 
0 3 1 0.0 1.0
 0.8 1.0
1 4
0 0 3 1.0 1.0
34.061341000 0.00602519780
5.1235746000 0.04502109400
1.1646626000 0.20189726000
0 0 1 0.0 1.0
0.4157455100 1.00000000000
0 0 1 0.0 1.0
0.1795111000 1.00000000000
0 2 1 0.0 1.0
0.8000000000 1.00000000000
99 0
ENDBS
dft
exchange
becke
correlat
lyp
hybrid
12
nonlocal
0.9 0.81
SPIN
ENDM
MPP
grimme
1.05 20. 25.
5
1 0.14 1.001
6 1.75 1.452
8 0.70 1.342
14 9.23 1.716
258 140.680 1.753
NODIIS
LEVSHIFT
5 1
TOLDEE
5
SHRINK
2 2
MAXCYCLE
166
FMIXING
90
PPAN
ENDSCF


         
 *******************************************************************************
 *                                                                             *
 *                               CRYSTAL17                                     *
 *                      public : 1.0.2 - March 1st, 2018                       *
 *                       HTTP://WWW.CRYSTAL.UNITO.IT                           *
 *                                                                             *
 *                              MAIN AUTHORS                                   *
 *                                                                             *
 *  R. DOVESI(1,11), V.R. SAUNDERS(2), C. ROETTI(1,11), R. ORLANDO(1,11),      *
 *  C.M. ZICOVICH-WILSON(1,3), F. PASCALE(4), B. CIVALLERI(1,11),              *
 *  K. DOLL(5), N.M. HARRISON(2,6), I.J. BUSH(7), Ph. D'ARCO(8),               *
 *  M. LLUNELL(9), M. CAUSA'(10), Y. NOEL(8), L. MASCHIO(1,11), A. ERBA(1,11)  *
 *  M. RE'RAT(14), S. CASASSA(1,11)                                            *
 *                                                                             *
 *        CONTRIBUTIONS TO THE CODE HAVE ALSO BEEN GIVEN BY                    *
 *                                                                             *
 *  M. FERRABONE(1,11), M. DE LA PIERRE(1,11), M. FERRERO(1,11),               *
 *  J. BAIMA(1,11), E. ALBANESE(1,11), M.F. PEINTINGER(12), R. BAST(13),       *
 *  B. KIRTMAN(15), V. LACIVITA(1,11), R. DEMICHELIS(1,16)                     *
 *  G. BRANDEBURG(17), S. SALUSTRO(1,11), G. SANSONE(1,11)                     *
 *  M.T. RUGGIERO(18)                                                          *
 *                                                                             *
 * (1) THEORETICAL CHEMISTRY GROUP - UNIVERSITA' DI TORINO - TORINO (ITALY)    *
 * (2) COMPUTATIONAL SCIENCE & ENGINEERING DEPARTMENT - STFC DARESBURY (UK)    *
 * (3) UNIVERSIDAD AUTONOMA DEL ESTADO DE MORELOS - CUERNAVACA (MEXICO)        *
 * (4) UNIVERSITE' DE LORRAINE - NANCY (FRANCE)                                *
 * (5) UNIVERSITAET STUTTGART- STUTTGART (GERMANY)                             *
 * (6) IMPERIAL COLLEGE - LONDON (UK)                                          *
 * (7) OXFORD E-RESEARCH CENTRE - OXFORD (UK)                                  *
 * (8) UPMC - SORBONNE UNIVERSITES - PARIS (FRANCE)                            *
 * (9) UNIVERSIDAD DE BARCELONA - BARCELONA (SPAIN)                            *
 *(10) UNIVERSITA' DI NAPOLI "FEDERICO II" - NAPOLI (ITALY)                    *
 *(11) NIS - NANOSTRUCTURED INTERFACES AND SURFACES - TORINO (ITALY)           *
 *(12) MPI FUER CHEMISCHE ENERGIEKONVERSION - MUELHEIM AN DER RUHR (GERMANY)   *
 *(13) UNIVERSITY OF TROMSO - TROMSO (NORWAY)                                  *
 *(14) UNIVERSITE' DE PAU ET DES PAYS DE L'ADOUR - PAU (FRANCE)                *
 *(15) UNIVERSITY OF CALIFORNIA SANTA BARBARA - SANTA BARBARA (USA)            *
 *(16) CURTIN UNIVERSITY - PERTH (AUSTRALIA)                                   *
 *(17) UNIVERSITY COLLEGE LONDON - LONDON (UK)                                 *
 *(18) CAMBRIDGE UNIVERSITY - CAMBRIDGE (UK)                                   *
 *                                                                             *
 *******************************************************************************
 EEEEEEEEEE STARTING  DATE 15 09 2019 TIME 16:47:22.5
 Ceria 110-ly7-TEOS-2CH3                                                         

 GEOMETRY INPUT FROM EXTERNAL FILE (FORTRAN UNIT 34)
 2D - SLAB    

 *******************************************************************************
 LATTICE PARAMETERS  (ANGSTROMS AND DEGREES) - PRIMITIVE CELL
       A          B          C        ALPHA      BETA     GAMMA        VOLUME
   15.34300   15.34300  500.00000    90.00000  90.00000  90.00000    235.407681
 INFORMATION **** CHKGRP **** SPGR WITH NO INVERSION

 NUMBER OF IRREDUCIBLE ATOMS IN THE CELL:   76

 CARTESIAN COORDINATES (ANGSTROM) - IRREDUCIBLE ATOMS AND SYMMETRY RELATED

 AT.IRR.  AT  AT.N.          X                   Y                   Z
     1     1     8    1.917895894840E+00  1.918113017916E+00  4.330294765326E+00
     1     2     8   -1.917895894840E+00 -1.918113017916E+00  4.330294765326E+00
     1     3     8    1.917895894840E+00 -1.918113017916E+00  4.330294765326E+00
     1     4     8   -1.917895894840E+00  1.918113017916E+00  4.330294765326E+00
     5     5     8    1.917796975193E+00  5.753976310191E+00  4.329472693325E+00
     5     6     8   -1.917796975193E+00 -5.753976310191E+00  4.329472693325E+00
     5     7     8    1.917796975193E+00 -5.753976310191E+00  4.329472693325E+00
     5     8     8   -1.917796975193E+00  5.753976310191E+00  4.329472693325E+00
     9     9     8    5.753623834846E+00  1.918300954521E+00  4.330326364487E+00
     9    10     8   -5.753623834846E+00 -1.918300954521E+00  4.330326364487E+00
     9    11     8    5.753623834846E+00 -1.918300954521E+00  4.330326364487E+00
     9    12     8   -5.753623834846E+00  1.918300954521E+00  4.330326364487E+00
    13    13     8    5.753566265924E+00  5.753884279701E+00  4.329326863035E+00
    13    14     8   -5.753566265924E+00 -5.753884279701E+00  4.329326863035E+00
    13    15     8    5.753566265924E+00 -5.753884279701E+00  4.329326863035E+00
    13    16     8   -5.753566265924E+00  5.753884279701E+00  4.329326863035E+00
    17    17   258    0.000000000000E+00  1.917966804734E+00  3.337699340252E+00
    17    18   258   -3.705590656840E-16 -1.917966804734E+00  3.337699340252E+00
    19    19   258    0.000000000000E+00  5.753865708937E+00  3.336806911435E+00
    19    20   258   -3.704599861820E-16 -5.753865708937E+00  3.336806911435E+00
    21    21   258    3.835828064673E+00  1.917992853216E+00  3.337778322571E+00
    21    22   258   -3.835828064673E+00 -1.917992853216E+00  3.337778322571E+00
    21    23   258    3.835828064673E+00 -1.917992853216E+00  3.337778322571E+00
    21    24   258   -3.835828064673E+00  1.917992853216E+00  3.337778322571E+00
    25    25   258    3.835500345456E+00  5.753786636126E+00  3.336838996061E+00
    25    26   258   -3.835500345456E+00 -5.753786636126E+00  3.336838996061E+00
    25    27   258    3.835500345456E+00 -5.753786636126E+00  3.336838996061E+00
    25    28   258   -3.835500345456E+00  5.753786636126E+00  3.336838996061E+00
    29    29   258    7.671500520300E+00  1.918079711107E+00  3.337717052953E+00
    29    30   258    7.671500520300E+00 -1.918079711107E+00  3.337717052953E+00
    31    31   258    7.671500520300E+00  5.753771754524E+00  3.336925899777E+00
    31    32   258    7.671500520300E+00 -5.753771754524E+00  3.336925899777E+00
    33    33     8    1.917734056283E+00  1.917883463310E+00  1.764032104173E+00
    33    34     8   -1.917734056283E+00 -1.917883463310E+00  1.764032104173E+00
    33    35     8    1.917734056283E+00 -1.917883463310E+00  1.764032104173E+00
    33    36     8   -1.917734056283E+00  1.917883463310E+00  1.764032104173E+00
    37    37     8    1.917988156785E+00  5.753687941173E+00  1.764023575484E+00
    37    38     8   -1.917988156785E+00 -5.753687941173E+00  1.764023575484E+00
    37    39     8    1.917988156785E+00 -5.753687941173E+00  1.764023575484E+00
    37    40     8   -1.917988156785E+00  5.753687941173E+00  1.764023575484E+00
    41    41     8    5.753597653307E+00  1.917894356992E+00  1.764318345264E+00
    41    42     8   -5.753597653307E+00 -1.917894356992E+00  1.764318345264E+00
    41    43     8    5.753597653307E+00 -1.917894356992E+00  1.764318345264E+00
    41    44     8   -5.753597653307E+00  1.917894356992E+00  1.764318345264E+00
    45    45     8    5.754300788182E+00  5.753661208940E+00  1.763602206263E+00
    45    46     8   -5.754300788182E+00 -5.753661208940E+00  1.763602206263E+00
    45    47     8    5.754300788182E+00 -5.753661208940E+00  1.763602206263E+00
    45    48     8   -5.754300788182E+00  5.753661208940E+00  1.763602206263E+00
    49    49     8    0.000000000000E+00  0.000000000000E+00  2.214946494433E+00
    50    50     8    0.000000000000E+00  3.835712592223E+00  2.214284519730E+00
    50    51     8   -2.458349656886E-16 -3.835712592223E+00  2.214284519730E+00
    52    52     8    0.000000000000E+00  7.671500520300E+00  2.213456388549E+00
    53    53     8    3.836096887389E+00  0.000000000000E+00  2.214989335894E+00
    53    54     8   -3.836096887389E+00  2.459132160019E-16  2.214989335894E+00
    55    55     8    3.835518039442E+00  3.835646125007E+00  2.214293054961E+00
    55    56     8   -3.835518039442E+00 -3.835646125007E+00  2.214293054961E+00
    55    57     8    3.835518039442E+00 -3.835646125007E+00  2.214293054961E+00
    55    58     8   -3.835518039442E+00  3.835646125007E+00  2.214293054961E+00
    59    59     8    3.835681989611E+00  7.671500520300E+00  2.213572904412E+00
    59    60     8   -3.835681989611E+00  7.671500520300E+00  2.213572904412E+00
    61    61     8    7.671500520300E+00  0.000000000000E+00  2.215019670929E+00
    62    62     8    7.671500520300E+00  3.835705780112E+00  2.214305567349E+00
    62    63     8    7.671500520300E+00 -3.835705780112E+00  2.214305567349E+00
    64    64     8    7.671500520300E+00  7.671500520300E+00  2.213640354711E+00
    65    65   258    1.917797018283E+00  0.000000000000E+00  6.039910753840E-01
    65    66   258   -1.917797018283E+00  6.705647985624E-17  6.039910753840E-01
    67    67   258    1.917884247814E+00  3.835758007763E+00  6.039010237420E-01
    67    68   258   -1.917884247814E+00 -3.835758007763E+00  6.039010237420E-01
    67    69   258    1.917884247814E+00 -3.835758007763E+00  6.039010237420E-01
    67    70   258   -1.917884247814E+00  3.835758007763E+00  6.039010237420E-01
    71    71   258    1.917893936659E+00  7.671500520300E+00  6.035948734380E-01
    71    72   258   -1.917893936659E+00  7.671500520300E+00  6.035948734380E-01
    73    73   258    5.753564926847E+00  0.000000000000E+00  6.043069738640E-01
    73    74   258   -5.753564926847E+00  6.709155163283E-17  6.043069738640E-01
    75    75   258    5.753729112693E+00  3.835596063749E+00  6.039509157690E-01
    75    76   258   -5.753729112693E+00 -3.835596063749E+00  6.039509157690E-01
    75    77   258    5.753729112693E+00 -3.835596063749E+00  6.039509157690E-01
    75    78   258   -5.753729112693E+00  3.835596063749E+00  6.039509157690E-01
    79    79   258    5.753892286899E+00  7.671500520300E+00  6.035597021790E-01
    79    80   258   -5.753892286899E+00  7.671500520300E+00  6.035597021790E-01
    81    81     8    0.000000000000E+00  0.000000000000E+00 -6.441252664010E-01
    82    82     8    0.000000000000E+00  3.835951925065E+00 -6.442727355220E-01
    82    83     8    7.152864251179E-17 -3.835951925065E+00 -6.442727355220E-01
    84    84     8    0.000000000000E+00  7.671500520300E+00 -6.443853787710E-01
    85    85     8    3.835767238888E+00  0.000000000000E+00 -6.438967213510E-01
    85    86     8   -3.835767238888E+00 -7.148689655276E-17 -6.438967213510E-01
    87    87     8    3.835835462264E+00  3.835794910672E+00 -6.441310921200E-01
    87    88     8   -3.835835462264E+00 -3.835794910672E+00 -6.441310921200E-01
    87    89     8    3.835835462264E+00 -3.835794910672E+00 -6.441310921200E-01
    87    90     8   -3.835835462264E+00  3.835794910672E+00 -6.441310921200E-01
    91    91     8    3.835777611937E+00  7.671500520300E+00 -6.443767573280E-01
    91    92     8   -3.835777611937E+00  7.671500520300E+00 -6.443767573280E-01
    93    93     8    7.671500520300E+00  0.000000000000E+00 -6.437327837550E-01
    94    94     8    7.671500520300E+00  3.834850058981E+00 -6.442308959220E-01
    94    95     8    7.671500520300E+00 -3.834850058981E+00 -6.442308959220E-01
    96    96     8    7.671500520300E+00  7.671500520300E+00 -6.448140307730E-01
    97    97     8    1.917858426075E+00  1.917871713587E+00 -8.658555185580E-01
    97    98     8   -1.917858426075E+00 -1.917871713587E+00 -8.658555185580E-01
    97    99     8    1.917858426075E+00 -1.917871713587E+00 -8.658555185580E-01
    97   100     8   -1.917858426075E+00  1.917871713587E+00 -8.658555185580E-01
   101   101     8    1.917823889335E+00  5.753561200028E+00 -8.657544107510E-01
   101   102     8   -1.917823889335E+00 -5.753561200028E+00 -8.657544107510E-01
   101   103     8    1.917823889335E+00 -5.753561200028E+00 -8.657544107510E-01
   101   104     8   -1.917823889335E+00  5.753561200028E+00 -8.657544107510E-01
   105   105     8    5.753618393879E+00  1.917924447746E+00 -8.659093516480E-01
   105   106     8   -5.753618393879E+00 -1.917924447746E+00 -8.659093516480E-01
   105   107     8    5.753618393879E+00 -1.917924447746E+00 -8.659093516480E-01
   105   108     8   -5.753618393879E+00  1.917924447746E+00 -8.659093516480E-01
   109   109     8    5.753567982726E+00  5.753654417632E+00 -8.660424444640E-01
   109   110     8   -5.753567982726E+00 -5.753654417632E+00 -8.660424444640E-01
   109   111     8    5.753567982726E+00 -5.753654417632E+00 -8.660424444640E-01
   109   112     8   -5.753567982726E+00  5.753654417632E+00 -8.660424444640E-01
   113   113   258    0.000000000000E+00  1.917867113267E+00 -2.114871426687E+00
   113   114   258    2.347978952040E-16 -1.917867113267E+00 -2.114871426687E+00
   115   115   258    0.000000000000E+00  5.753583309807E+00 -2.114936148242E+00
   115   116   258    2.348050807401E-16 -5.753583309807E+00 -2.114936148242E+00
   117   117   258    3.835764428792E+00  1.917873683440E+00 -2.114857864986E+00
   117   118   258   -3.835764428792E+00 -1.917873683440E+00 -2.114857864986E+00
   117   119   258    3.835764428792E+00 -1.917873683440E+00 -2.114857864986E+00
   117   120   258   -3.835764428792E+00  1.917873683440E+00 -2.114857864986E+00
   121   121   258    3.835790813146E+00  5.753616225566E+00 -2.114922251340E+00
   121   122   258   -3.835790813146E+00 -5.753616225566E+00 -2.114922251340E+00
   121   123   258    3.835790813146E+00 -5.753616225566E+00 -2.114922251340E+00
   121   124   258   -3.835790813146E+00  5.753616225566E+00 -2.114922251340E+00
   125   125   258    7.671500520300E+00  1.917888785093E+00 -2.114821740805E+00
   125   126   258    7.671500520300E+00 -1.917888785093E+00 -2.114821740805E+00
   127   127   258    7.671500520300E+00  5.753644931191E+00 -2.114887550446E+00
   127   128   258    7.671500520300E+00 -5.753644931191E+00 -2.114887550446E+00
   129   129     8    1.917879680388E+00  1.917873829078E+00 -3.575693300994E+00
   129   130     8   -1.917879680388E+00 -1.917873829078E+00 -3.575693300994E+00
   129   131     8    1.917879680388E+00 -1.917873829078E+00 -3.575693300994E+00
   129   132     8   -1.917879680388E+00  1.917873829078E+00 -3.575693300994E+00
   133   133     8    1.917894093912E+00  5.753621026886E+00 -3.575639000894E+00
   133   134     8   -1.917894093912E+00 -5.753621026886E+00 -3.575639000894E+00
   133   135     8    1.917894093912E+00 -5.753621026886E+00 -3.575639000894E+00
   133   136     8   -1.917894093912E+00  5.753621026886E+00 -3.575639000894E+00
   137   137     8    5.753614021820E+00  1.917878851528E+00 -3.575756229699E+00
   137   138     8   -5.753614021820E+00 -1.917878851528E+00 -3.575756229699E+00
   137   139     8    5.753614021820E+00 -1.917878851528E+00 -3.575756229699E+00
   137   140     8   -5.753614021820E+00  1.917878851528E+00 -3.575756229699E+00
   141   141     8    5.753605100607E+00  5.753628230871E+00 -3.575795592608E+00
   141   142     8   -5.753605100607E+00 -5.753628230871E+00 -3.575795592608E+00
   141   143     8    5.753605100607E+00 -5.753628230871E+00 -3.575795592608E+00
   141   144     8   -5.753605100607E+00  5.753628230871E+00 -3.575795592608E+00
   145   145     8    0.000000000000E+00  0.000000000000E+00 -3.390356274875E+00
   146   146     8    0.000000000000E+00  3.835750260159E+00 -3.390356274875E+00
   146   147     8    3.764051598065E-16 -3.835750260159E+00 -3.390356274875E+00
   148   148     8    0.000000000000E+00  7.671500520300E+00 -3.390356274875E+00
   149   149     8    3.835750260161E+00  0.000000000000E+00 -3.390356274875E+00
   149   150     8   -3.835750260161E+00 -3.764051598065E-16 -3.390356274875E+00
   151   151     8    3.835750260161E+00  3.835750260159E+00 -3.390356274875E+00
   151   152     8   -3.835750260161E+00 -3.835750260159E+00 -3.390356274875E+00
   151   153     8    3.835750260161E+00 -3.835750260159E+00 -3.390356274875E+00
   151   154     8   -3.835750260161E+00  3.835750260159E+00 -3.390356274875E+00
   155   155     8    3.835750260161E+00  7.671500520300E+00 -3.390356274875E+00
   155   156     8   -3.835750260161E+00  7.671500520300E+00 -3.390356274875E+00
   157   157     8    7.671500520300E+00  0.000000000000E+00 -3.390356274875E+00
   158   158     8    7.671500520300E+00  3.835750260159E+00 -3.390356274875E+00
   158   159     8    7.671500520300E+00 -3.835750260159E+00 -3.390356274875E+00
   160   160     8    7.671500520300E+00  7.671500520300E+00 -3.390356274875E+00
   161   161   258    1.917875130081E+00  0.000000000000E+00 -4.746498784825E+00
   161   162   258   -1.917875130081E+00 -5.269672237291E-16 -4.746498784825E+00
   163   163   258    1.917875130081E+00  3.835750260159E+00 -4.746498784825E+00
   163   164   258   -1.917875130081E+00 -3.835750260159E+00 -4.746498784825E+00
   163   165   258    1.917875130081E+00 -3.835750260159E+00 -4.746498784825E+00
   163   166   258   -1.917875130081E+00  3.835750260159E+00 -4.746498784825E+00
   167   167   258    1.917875130081E+00  7.671500520300E+00 -4.746498784825E+00
   167   168   258   -1.917875130081E+00  7.671500520300E+00 -4.746498784825E+00
   169   169   258    5.753625390240E+00  0.000000000000E+00 -4.746498784825E+00
   169   170   258   -5.753625390240E+00 -5.269672237291E-16 -4.746498784825E+00
   171   171   258    5.753625390240E+00  3.835750260159E+00 -4.746498784825E+00
   171   172   258   -5.753625390240E+00 -3.835750260159E+00 -4.746498784825E+00
   171   173   258    5.753625390240E+00 -3.835750260159E+00 -4.746498784825E+00
   171   174   258   -5.753625390240E+00  3.835750260159E+00 -4.746498784825E+00
   175   175   258    5.753625390240E+00  7.671500520300E+00 -4.746498784825E+00
   175   176   258   -5.753625390240E+00  7.671500520300E+00 -4.746498784825E+00
   177   177     8    0.000000000000E+00  0.000000000000E+00 -6.100000000000E+00
   178   178     8    0.000000000000E+00  3.835750260159E+00 -6.100000000000E+00
   178   179     8    6.772360450243E-16 -3.835750260159E+00 -6.100000000000E+00
   180   180     8    0.000000000000E+00  7.671500520300E+00 -6.100000000000E+00
   181   181     8    3.835750260161E+00  0.000000000000E+00 -6.100000000000E+00
   181   182     8   -3.835750260161E+00 -6.772360450243E-16 -6.100000000000E+00
   183   183     8    3.835750260161E+00  3.835750260159E+00 -6.100000000000E+00
   183   184     8   -3.835750260161E+00 -3.835750260159E+00 -6.100000000000E+00
   183   185     8    3.835750260161E+00 -3.835750260159E+00 -6.100000000000E+00
   183   186     8   -3.835750260161E+00  3.835750260159E+00 -6.100000000000E+00
   187   187     8    3.835750260161E+00  7.671500520300E+00 -6.100000000000E+00
   187   188     8   -3.835750260161E+00  7.671500520300E+00 -6.100000000000E+00
   189   189     8    7.671500520300E+00  0.000000000000E+00 -6.100000000000E+00
   190   190     8    7.671500520300E+00  3.835750260159E+00 -6.100000000000E+00
   190   191     8   -7.671500520300E+00 -3.835750260159E+00 -6.100000000000E+00
   192   192     8    7.671500520300E+00  7.671500520300E+00 -6.100000000000E+00
 NUMBER OF SYMMETRY OPERATORS         :    4
 *******************************************************************************
 LATTICE PARAMETERS (ANGSTROMS AND DEGREES) - BOHR = 0.5291772083 ANGSTROM
 PRIMITIVE CELL
         A              B              C           ALPHA      BETA       GAMMA 
    15.34300104    15.34300104   500.00000000    90.000000  90.000000  90.000000
 *******************************************************************************
 ATOMS IN THE ASYMMETRIC UNIT   76 - ATOMS IN THE UNIT CELL:  192
     ATOM                 X/A                 Y/B             Z(ANGSTROM)
 *******************************************************************************
      1 T   8 O     1.250013533705E-01  1.250155046487E-01  4.330294765326E+00
      2 F   8 O    -1.250013533705E-01 -1.250155046487E-01  4.330294765326E+00
      3 F   8 O     1.250013533705E-01 -1.250155046487E-01  4.330294765326E+00
      4 F   8 O    -1.250013533705E-01  1.250155046487E-01  4.330294765326E+00
      5 T   8 O     1.249949061542E-01  3.750228716641E-01  4.329472693325E+00
      6 F   8 O    -1.249949061542E-01 -3.750228716641E-01  4.329472693325E+00
      7 F   8 O     1.249949061542E-01 -3.750228716641E-01  4.329472693325E+00
      8 F   8 O    -1.249949061542E-01  3.750228716641E-01  4.329472693325E+00
      9 T   8 O     3.749998986262E-01  1.250277536608E-01  4.330326364487E+00
     10 F   8 O    -3.749998986262E-01 -1.250277536608E-01  4.330326364487E+00
     11 F   8 O     3.749998986262E-01 -1.250277536608E-01  4.330326364487E+00
     12 F   8 O    -3.749998986262E-01  1.250277536608E-01  4.330326364487E+00
     13 T   8 O     3.749961464970E-01  3.750168734575E-01  4.329326863035E+00
     14 F   8 O    -3.749961464970E-01 -3.750168734575E-01  4.329326863035E+00
     15 F   8 O     3.749961464970E-01 -3.750168734575E-01  4.329326863035E+00
     16 F   8 O    -3.749961464970E-01  3.750168734575E-01  4.329326863035E+00
     17 T 258 CE    0.000000000000E+00  1.250059750148E-01  3.337699340252E+00
     18 F 258 CE   -2.415166789753E-17 -1.250059750148E-01  3.337699340252E+00
     19 T 258 CE    0.000000000000E+00  3.750156630839E-01  3.336806911435E+00
     20 F 258 CE   -2.414521026243E-17 -3.750156630839E-01  3.336806911435E+00
     21 T 258 CE    2.500050710107E-01  1.250076727585E-01  3.337778322571E+00
     22 F 258 CE   -2.500050710107E-01 -1.250076727585E-01  3.337778322571E+00
     23 F 258 CE    2.500050710107E-01 -1.250076727585E-01  3.337778322571E+00
     24 F 258 CE   -2.500050710107E-01  1.250076727585E-01  3.337778322571E+00
     25 T 258 CE    2.499837114856E-01  3.750105094108E-01  3.336838996061E+00
     26 F 258 CE   -2.499837114856E-01 -3.750105094108E-01  3.336838996061E+00
     27 F 258 CE    2.499837114856E-01 -3.750105094108E-01  3.336838996061E+00
     28 F 258 CE   -2.499837114856E-01  3.750105094108E-01  3.336838996061E+00
     29 T 258 CE   -5.000000000000E-01  1.250133338342E-01  3.337717052953E+00
     30 F 258 CE   -5.000000000000E-01 -1.250133338342E-01  3.337717052953E+00
     31 T 258 CE   -5.000000000000E-01  3.750095394831E-01  3.336925899777E+00
     32 F 258 CE   -5.000000000000E-01 -3.750095394831E-01  3.336925899777E+00
     33 T   8 O     1.249908053326E-01  1.250005431294E-01  1.764032104173E+00
     34 F   8 O    -1.249908053326E-01 -1.250005431294E-01  1.764032104173E+00
     35 F   8 O     1.249908053326E-01 -1.250005431294E-01  1.764032104173E+00
     36 F   8 O    -1.249908053326E-01  1.250005431294E-01  1.764032104173E+00
     37 T   8 O     1.250073666625E-01  3.750040768392E-01  1.764023575484E+00
     38 F   8 O    -1.250073666625E-01 -3.750040768392E-01  1.764023575484E+00
     39 F   8 O     1.250073666625E-01 -3.750040768392E-01  1.764023575484E+00
     40 F   8 O    -1.250073666625E-01  3.750040768392E-01  1.764023575484E+00
     41 T   8 O     3.749981922104E-01  1.250012531393E-01  1.764318345264E+00
     42 F   8 O    -3.749981922104E-01 -1.250012531393E-01  1.764318345264E+00
     43 F   8 O     3.749981922104E-01 -1.250012531393E-01  1.764318345264E+00
     44 F   8 O    -3.749981922104E-01  1.250012531393E-01  1.764318345264E+00
     45 T   8 O     3.750440199382E-01  3.750023345312E-01  1.763602206263E+00
     46 F   8 O    -3.750440199382E-01 -3.750023345312E-01  1.763602206263E+00
     47 F   8 O     3.750440199382E-01 -3.750023345312E-01  1.763602206263E+00
     48 F   8 O    -3.750440199382E-01  3.750023345312E-01  1.763602206263E+00
     49 T   8 O     0.000000000000E+00  0.000000000000E+00  2.214946494433E+00
     50 T   8 O     0.000000000000E+00  2.499975449440E-01  2.214284519730E+00
     51 F   8 O    -1.602261285378E-17 -2.499975449440E-01  2.214284519730E+00
     52 T   8 O     0.000000000000E+00 -5.000000000000E-01  2.213456388549E+00
     53 T   8 O     2.500225918800E-01  0.000000000000E+00  2.214989335894E+00
     54 F   8 O    -2.500225918800E-01  1.602771291948E-17  2.214989335894E+00
     55 T   8 O     2.499848647141E-01  2.499932128569E-01  2.214293054961E+00
     56 F   8 O    -2.499848647141E-01 -2.499932128569E-01  2.214293054961E+00
     57 F   8 O     2.499848647141E-01 -2.499932128569E-01  2.214293054961E+00
     58 F   8 O    -2.499848647141E-01  2.499932128569E-01  2.214293054961E+00
     59 T   8 O     2.499955503790E-01 -5.000000000000E-01  2.213572904412E+00
     60 F   8 O    -2.499955503790E-01 -5.000000000000E-01  2.213572904412E+00
     61 T   8 O    -5.000000000000E-01  0.000000000000E+00  2.215019670929E+00
     62 T   8 O    -5.000000000000E-01  2.499971009558E-01  2.214305567349E+00
     63 F   8 O    -5.000000000000E-01 -2.499971009558E-01  2.214305567349E+00
     64 T   8 O    -5.000000000000E-01 -5.000000000000E-01  2.213640354711E+00
     65 T 258 CE    1.249949089626E-01  0.000000000000E+00  6.039910753840E-01
     66 F 258 CE   -1.249949089626E-01  4.370493078818E-18  6.039910753840E-01
     67 T 258 CE    1.250005942605E-01  2.500005049607E-01  6.039010237420E-01
     68 F 258 CE   -1.250005942605E-01 -2.500005049607E-01  6.039010237420E-01
     69 F 258 CE    1.250005942605E-01 -2.500005049607E-01  6.039010237420E-01
     70 F 258 CE   -1.250005942605E-01  2.500005049607E-01  6.039010237420E-01
     71 T 258 CE    1.250012257435E-01 -5.000000000000E-01  6.035948734380E-01
     72 F 258 CE   -1.250012257435E-01 -5.000000000000E-01  6.035948734380E-01
     73 T 258 CE    3.749960592209E-01  0.000000000000E+00  6.043069738640E-01
     74 F 258 CE   -3.749960592209E-01  4.372778927362E-18  6.043069738640E-01
     75 T 258 CE    3.750067602464E-01  2.499899500495E-01  6.039509157690E-01
     76 F 258 CE   -3.750067602464E-01 -2.499899500495E-01  6.039509157690E-01
     77 F 258 CE    3.750067602464E-01 -2.499899500495E-01  6.039509157690E-01
     78 F 258 CE   -3.750067602464E-01  2.499899500495E-01  6.039509157690E-01
     79 T 258 CE    3.750173953370E-01 -5.000000000000E-01  6.035597021790E-01
     80 F 258 CE   -3.750173953370E-01 -5.000000000000E-01  6.035597021790E-01
     81 T   8 O     0.000000000000E+00  0.000000000000E+00 -6.441252664010E-01
     82 T   8 O     0.000000000000E+00  2.500131437725E-01 -6.442727355220E-01
     83 F   8 O     4.661972082418E-18 -2.500131437725E-01 -6.442727355220E-01
     84 T   8 O     0.000000000000E+00 -5.000000000000E-01 -6.443853787710E-01
     85 T   8 O     2.500011066113E-01  0.000000000000E+00 -6.438967213510E-01
     86 F   8 O    -2.500011066113E-01 -4.659251235374E-18 -6.438967213510E-01
     87 T   8 O     2.500055531583E-01  2.500029101557E-01 -6.441310921200E-01
     88 F   8 O    -2.500055531583E-01 -2.500029101557E-01 -6.441310921200E-01
     89 F   8 O     2.500055531583E-01 -2.500029101557E-01 -6.441310921200E-01
     90 F   8 O    -2.500055531583E-01  2.500029101557E-01 -6.441310921200E-01
     91 T   8 O     2.500017826882E-01 -5.000000000000E-01 -6.443767573280E-01
     92 F   8 O    -2.500017826882E-01 -5.000000000000E-01 -6.443767573280E-01
     93 T   8 O    -5.000000000000E-01  0.000000000000E+00 -6.437327837550E-01
     94 T   8 O    -5.000000000000E-01  2.499413282208E-01 -6.442308959220E-01
     95 F   8 O    -5.000000000000E-01 -2.499413282208E-01 -6.442308959220E-01
     96 T   8 O    -5.000000000000E-01 -5.000000000000E-01 -6.448140307730E-01
     97 T   8 O     1.249989112951E-01  1.249997773260E-01 -8.658555185580E-01
     98 F   8 O    -1.249989112951E-01 -1.249997773260E-01 -8.658555185580E-01
     99 F   8 O     1.249989112951E-01 -1.249997773260E-01 -8.658555185580E-01
    100 F   8 O    -1.249989112951E-01  1.249997773260E-01 -8.658555185580E-01
    101 T   8 O     1.249966603183E-01  3.749958163206E-01 -8.657544107510E-01
    102 F   8 O    -1.249966603183E-01 -3.749958163206E-01 -8.657544107510E-01
    103 F   8 O     1.249966603183E-01 -3.749958163206E-01 -8.657544107510E-01
    104 F   8 O    -1.249966603183E-01  3.749958163206E-01 -8.657544107510E-01
    105 T   8 O     3.749995440041E-01  1.250032143432E-01 -8.659093516480E-01
    106 F   8 O    -3.749995440041E-01 -1.250032143432E-01 -8.659093516480E-01
    107 F   8 O     3.749995440041E-01 -1.250032143432E-01 -8.659093516480E-01
    108 F   8 O    -3.749995440041E-01  1.250032143432E-01 -8.659093516480E-01
    109 T   8 O     3.749962583918E-01  3.750018918989E-01 -8.660424444640E-01
    110 F   8 O    -3.749962583918E-01 -3.750018918989E-01 -8.660424444640E-01
    111 F   8 O     3.749962583918E-01 -3.750018918989E-01 -8.660424444640E-01
    112 F   8 O    -3.749962583918E-01  3.750018918989E-01 -8.660424444640E-01
    113 T 258 CE    0.000000000000E+00  1.249994774941E-01 -2.114871426687E+00
    114 F 258 CE    1.530325746460E-17 -1.249994774941E-01 -2.114871426687E+00
    115 T 258 CE    0.000000000000E+00  3.749972573542E-01 -2.114936148242E+00
    116 F 258 CE    1.530372579124E-17 -3.749972573542E-01 -2.114936148242E+00
    117 T 258 CE    2.500009234596E-01  1.249999057137E-01 -2.114857864986E+00
    118 F 258 CE   -2.500009234596E-01 -1.249999057137E-01 -2.114857864986E+00
    119 F 258 CE    2.500009234596E-01 -1.249999057137E-01 -2.114857864986E+00
    120 F 258 CE   -2.500009234596E-01  1.249999057137E-01 -2.114857864986E+00
    121 T 258 CE    2.500026430941E-01  3.749994026815E-01 -2.114922251340E+00
    122 F 258 CE   -2.500026430941E-01 -3.749994026815E-01 -2.114922251340E+00
    123 F 258 CE    2.500026430941E-01 -3.749994026815E-01 -2.114922251340E+00
    124 F 258 CE   -2.500026430941E-01  3.749994026815E-01 -2.114922251340E+00
    125 T 258 CE   -5.000000000000E-01  1.250008899835E-01 -2.114821740805E+00
    126 F 258 CE   -5.000000000000E-01 -1.250008899835E-01 -2.114821740805E+00
    127 T 258 CE   -5.000000000000E-01  3.750012736078E-01 -2.114887550446E+00
    128 F 258 CE   -5.000000000000E-01 -3.750012736078E-01 -2.114887550446E+00
    129 T   8 O     1.250002965726E-01  1.249999152058E-01 -3.575693300994E+00
    130 F   8 O    -1.250002965726E-01 -1.249999152058E-01 -3.575693300994E+00
    131 F   8 O     1.250002965726E-01 -1.249999152058E-01 -3.575693300994E+00
    132 F   8 O    -1.250002965726E-01  1.249999152058E-01 -3.575693300994E+00
    133 T   8 O     1.250012359927E-01  3.749997156137E-01 -3.575639000894E+00
    134 F   8 O    -1.250012359927E-01 -3.749997156137E-01 -3.575639000894E+00
    135 F   8 O     1.250012359927E-01 -3.749997156137E-01 -3.575639000894E+00
    136 F   8 O    -1.250012359927E-01  3.749997156137E-01 -3.575639000894E+00
    137 T   8 O     3.749992590495E-01  1.250002425505E-01 -3.575756229699E+00
    138 F   8 O    -3.749992590495E-01 -1.250002425505E-01 -3.575756229699E+00
    139 F   8 O     3.749992590495E-01 -1.250002425505E-01 -3.575756229699E+00
    140 F   8 O    -3.749992590495E-01  1.250002425505E-01 -3.575756229699E+00
    141 T   8 O     3.749986775978E-01  3.750001851428E-01 -3.575795592608E+00
    142 F   8 O    -3.749986775978E-01 -3.750001851428E-01 -3.575795592608E+00
    143 F   8 O     3.749986775978E-01 -3.750001851428E-01 -3.575795592608E+00
    144 F   8 O    -3.749986775978E-01  3.750001851428E-01 -3.575795592608E+00
    145 T   8 O     0.000000000000E+00  0.000000000000E+00 -3.390356274875E+00
    146 T   8 O     0.000000000000E+00  2.500000000006E-01 -3.390356274875E+00
    147 F   8 O     2.453269466713E-17 -2.500000000006E-01 -3.390356274875E+00
    148 T   8 O     0.000000000000E+00 -5.000000000000E-01 -3.390356274875E+00
    149 T   8 O     2.500000000007E-01  0.000000000000E+00 -3.390356274875E+00
    150 F   8 O    -2.500000000007E-01 -2.453269466713E-17 -3.390356274875E+00
    151 T   8 O     2.500000000007E-01  2.500000000006E-01 -3.390356274875E+00
    152 F   8 O    -2.500000000007E-01 -2.500000000006E-01 -3.390356274875E+00
    153 F   8 O     2.500000000007E-01 -2.500000000006E-01 -3.390356274875E+00
    154 F   8 O    -2.500000000007E-01  2.500000000006E-01 -3.390356274875E+00
    155 T   8 O     2.500000000007E-01 -5.000000000000E-01 -3.390356274875E+00
    156 F   8 O    -2.500000000007E-01 -5.000000000000E-01 -3.390356274875E+00
    157 T   8 O    -5.000000000000E-01  0.000000000000E+00 -3.390356274875E+00
    158 T   8 O    -5.000000000000E-01  2.500000000006E-01 -3.390356274875E+00
    159 F   8 O    -5.000000000000E-01 -2.500000000006E-01 -3.390356274875E+00
    160 T   8 O    -5.000000000000E-01 -5.000000000000E-01 -3.390356274875E+00
    161 T 258 CE    1.250000000004E-01  0.000000000000E+00 -4.746498784825E+00
    162 F 258 CE   -1.250000000004E-01 -3.434577253398E-17 -4.746498784825E+00
    163 T 258 CE    1.250000000004E-01  2.500000000006E-01 -4.746498784825E+00
    164 F 258 CE   -1.250000000004E-01 -2.500000000006E-01 -4.746498784825E+00
    165 F 258 CE    1.250000000004E-01 -2.500000000006E-01 -4.746498784825E+00
    166 F 258 CE   -1.250000000004E-01  2.500000000006E-01 -4.746498784825E+00
    167 T 258 CE    1.250000000004E-01 -5.000000000000E-01 -4.746498784825E+00
    168 F 258 CE   -1.250000000004E-01 -5.000000000000E-01 -4.746498784825E+00
    169 T 258 CE    3.750000000010E-01  0.000000000000E+00 -4.746498784825E+00
    170 F 258 CE   -3.750000000010E-01 -3.434577253398E-17 -4.746498784825E+00
    171 T 258 CE    3.750000000010E-01  2.500000000006E-01 -4.746498784825E+00
    172 F 258 CE   -3.750000000010E-01 -2.500000000006E-01 -4.746498784825E+00
    173 F 258 CE    3.750000000010E-01 -2.500000000006E-01 -4.746498784825E+00
    174 F 258 CE   -3.750000000010E-01  2.500000000006E-01 -4.746498784825E+00
    175 T 258 CE    3.750000000010E-01 -5.000000000000E-01 -4.746498784825E+00
    176 F 258 CE   -3.750000000010E-01 -5.000000000000E-01 -4.746498784825E+00
    177 T   8 O     0.000000000000E+00  0.000000000000E+00 -6.100000000000E+00
    178 T   8 O     0.000000000000E+00  2.500000000006E-01 -6.100000000000E+00
    179 F   8 O     4.413973793212E-17 -2.500000000006E-01 -6.100000000000E+00
    180 T   8 O     0.000000000000E+00 -5.000000000000E-01 -6.100000000000E+00
    181 T   8 O     2.500000000007E-01  0.000000000000E+00 -6.100000000000E+00
    182 F   8 O    -2.500000000007E-01 -4.413973793212E-17 -6.100000000000E+00
    183 T   8 O     2.500000000007E-01  2.500000000006E-01 -6.100000000000E+00
    184 F   8 O    -2.500000000007E-01 -2.500000000006E-01 -6.100000000000E+00
    185 F   8 O     2.500000000007E-01 -2.500000000006E-01 -6.100000000000E+00
    186 F   8 O    -2.500000000007E-01  2.500000000006E-01 -6.100000000000E+00
    187 T   8 O     2.500000000007E-01 -5.000000000000E-01 -6.100000000000E+00
    188 F   8 O    -2.500000000007E-01 -5.000000000000E-01 -6.100000000000E+00
    189 T   8 O    -5.000000000000E-01  0.000000000000E+00 -6.100000000000E+00
    190 T   8 O    -5.000000000000E-01  2.500000000006E-01 -6.100000000000E+00
    191 F   8 O     5.000000000000E-01 -2.500000000006E-01 -6.100000000000E+00
    192 T   8 O    -5.000000000000E-01 -5.000000000000E-01 -6.100000000000E+00

 T = ATOM BELONGING TO THE ASYMMETRIC UNIT
 *******************************************************************************
 * GEOMETRY EDITING - INPUT COORDINATES ARE GIVEN IN ANGSTROM         
 *******************************************************************************

 GEOMETRY NOW FULLY CONSISTENT WITH THE GROUP
 INFORMATION **** CRYSTA **** INPUT UNITS IN PERIODIC DIRECTIONS: FRACTIONAL

 *******************************************************************************
 * ADDITION OF   33 NEW ATOMS
 *******************************************************************************
 ATOM ADDED: LABEL  193 AT. N.  14 COOR.(A) 117.70384 133.65804   8.69800
 ATOM ADDED: LABEL  194 AT. N.   8 COOR.(A)  96.80667 148.58678   8.69800
 ATOM ADDED: LABEL  195 AT. N.   8 COOR.(A) 117.70384 118.72930  10.06000
 ATOM ADDED: LABEL  196 AT. N.   8 COOR.(A) 138.60101 148.58678   8.69800
 ATOM ADDED: LABEL  197 AT. N.   8 COOR.(A) 117.70384 118.72930   7.33600
 ATOM ADDED: LABEL  198 AT. N.   6 COOR.(A)  77.04489 139.38098   8.69800
 ATOM ADDED: LABEL  199 AT. N.   6 COOR.(A) 158.36279 139.38098   8.69800
 ATOM ADDED: LABEL  200 AT. N.   6 COOR.(A) 117.70384 127.93510  11.34800
 ATOM ADDED: LABEL  201 AT. N.   6 COOR.(A) 117.70384 127.93510   6.04800
 ATOM ADDED: LABEL  202 AT. N.   6 COOR.(A)  60.91939 156.13554   8.69800
 ATOM ADDED: LABEL  203 AT. N.   6 COOR.(A) 174.48829 156.13554   8.69800
 ATOM ADDED: LABEL  204 AT. N.   6 COOR.(A) 117.70384 111.18054  12.39900
 ATOM ADDED: LABEL  205 AT. N.   6 COOR.(A) 117.70384 111.18054   4.99700
 ATOM ADDED: LABEL  206 AT. N.   1 COOR.(A)  45.46899 149.55339   8.69800
 ATOM ADDED: LABEL  207 AT. N.   1 COOR.(A) 189.93869 149.55339   8.69800
 ATOM ADDED: LABEL  208 AT. N.   1 COOR.(A) 117.70384 117.76269  13.40600
 ATOM ADDED: LABEL  209 AT. N.   1 COOR.(A) 104.23269 101.36102   5.10800
 ATOM ADDED: LABEL  210 AT. N.   1 COOR.(A)  62.62247 165.95506   9.57600
 ATOM ADDED: LABEL  211 AT. N.   1 COOR.(A)  62.62247 165.95506   7.82000
 ATOM ADDED: LABEL  212 AT. N.   1 COOR.(A)  75.03495 129.79161   9.59100
 ATOM ADDED: LABEL  213 AT. N.   1 COOR.(A)  75.03495 129.79161   7.80500
 ATOM ADDED: LABEL  214 AT. N.   1 COOR.(A) 104.23269 101.36102  12.28800
 ATOM ADDED: LABEL  215 AT. N.   1 COOR.(A) 131.17500 101.36102  12.28800
 ATOM ADDED: LABEL  216 AT. N.   1 COOR.(A) 131.40514 137.52448  11.47900
 ATOM ADDED: LABEL  217 AT. N.   1 COOR.(A) 104.00254 137.52448  11.47900
 ATOM ADDED: LABEL  218 AT. N.   1 COOR.(A) 160.37273 129.79161   9.59100
 ATOM ADDED: LABEL  219 AT. N.   1 COOR.(A) 160.37273 129.79161   7.80500
 ATOM ADDED: LABEL  220 AT. N.   1 COOR.(A) 172.78521 165.95506   9.57600
 ATOM ADDED: LABEL  221 AT. N.   1 COOR.(A) 172.78521 165.95506   7.82000
 ATOM ADDED: LABEL  222 AT. N.   1 COOR.(A) 104.00254 137.52448   5.91700
 ATOM ADDED: LABEL  223 AT. N.   1 COOR.(A) 131.40514 137.52448   5.91700
 ATOM ADDED: LABEL  224 AT. N.   1 COOR.(A) 131.17500 101.36102   5.10800
 ATOM ADDED: LABEL  225 AT. N.   1 COOR.(A) 117.70384 117.76269   3.99000
 THE NUMBER OF SYMMETRY OPERATORS HAS BEEN REDUCED FROM  4 TO  1
 *******************************************************************************

 USE OF SYMMETRY WILL BE SUBSEQUENTLY SUSPENDED
 INFORMATION **** NEW DEFAULT **** FINALRUN 4 FOR GEOMETRY OPTIMIZATIONS
 INFORMATION **** NEW DEFAULT **** OPTGEOM OPTIMIZES BOTH ATOMIC COORDINATES AND CELL PARAMETERS
 INFORMATION **** NEW DEFAULT **** TOL. ON ATOMIC DISP TO REDEFINE REF. GEOMETRY: 0.8 Angs
 INFORMATION **** NEW DEFAULT **** N POINTS TO REDEFINE REF. GEOMETRY: N OF OPT DEGS OF FREEDOM
 INFORMATION **** NEW DEFAULT **** TOL. ON ENERGY TO REDEFINE REF. GEOMETRY: 10**-3*(5*N. ATOMS)
 INFORMATION **** ATOMONLY **** ONLY ATOMIC COORDINATES ARE OPTIMIZED

 *******************************************************************************
 * PARTIAL OPTIMIZATION - FRAGMENT OF  177 ATOMS -  INPUT LIST :

   1(  8)   2(  8)   3(  8)   4(  8)   5(  8)   6(  8)   7(  8)   8(  8)   9(  8)  10(  8)
  11(  8)  12(  8)  13(  8)  14(  8)  15(  8)  16(  8)  17(258)  18(258)  19(258)  20(258)
  21(258)  22(258)  23(258)  24(258)  25(258)  26(258)  27(258)  28(258)  29(258)  30(258)
  31(258)  32(258)  33(  8)  34(  8)  35(  8)  36(  8)  37(  8)  38(  8)  39(  8)  40(  8)
  41(  8)  42(  8)  43(  8)  44(  8)  45(  8)  46(  8)  47(  8)  48(  8)  49(  8)  50(  8)
  51(  8)  52(  8)  53(  8)  54(  8)  55(  8)  56(  8)  57(  8)  58(  8)  59(  8)  60(  8)
  61(  8)  62(  8)  63(  8)  64(  8)  65(258)  66(258)  67(258)  68(258)  69(258)  70(258)
  71(258)  72(258)  73(258)  74(258)  75(258)  76(258)  77(258)  78(258)  79(258)  80(258)
  81(  8)  82(  8)  83(  8)  84(  8)  85(  8)  86(  8)  87(  8)  88(  8)  89(  8)  90(  8)
  91(  8)  92(  8)  93(  8)  94(  8)  95(  8)  96(  8)  97(  8)  98(  8)  99(  8) 100(  8)
 101(  8) 102(  8) 103(  8) 104(  8) 105(  8) 106(  8) 107(  8) 108(  8) 109(  8) 110(  8)
 111(  8) 112(  8) 113(258) 114(258) 115(258) 116(258) 117(258) 118(258) 119(258) 120(258)
 121(258) 122(258) 123(258) 124(258) 125(258) 126(258) 127(258) 128(258) 129(  8) 130(  8)
 131(  8) 132(  8) 133(  8) 134(  8) 135(  8) 136(  8) 137(  8) 138(  8) 139(  8) 140(  8)
 141(  8) 142(  8) 143(  8) 144(  8) 193( 14) 194(  8) 195(  8) 196(  8) 197(  8) 198(  6)
 199(  6) 200(  6) 201(  6) 202(  6) 203(  6) 204(  6) 205(  6) 206(  1) 207(  1) 208(  1)
 209(  1) 210(  1) 211(  1) 212(  1) 213(  1) 214(  1) 215(  1) 216(  1) 217(  1) 218(  1)
 219(  1) 220(  1) 221(  1) 222(  1) 223(  1) 224(  1) 225(  1)

 SYMMETRY MAY BE BROKEN


 FRAGMENT - OPTIMIZATION OF A FRAGMENT OF 177 ATOMS - INPUT DATA:
   1(Z=  8)    2(Z=  8)    3(Z=  8)    4(Z=  8)    5(Z=  8)    6(Z=  8) 
   7(Z=  8)    8(Z=  8)    9(Z=  8)   10(Z=  8)   11(Z=  8)   12(Z=  8) 
  13(Z=  8)   14(Z=  8)   15(Z=  8)   16(Z=  8)   17(Z= 58)   18(Z= 58) 
  19(Z= 58)   20(Z= 58)   21(Z= 58)   22(Z= 58)   23(Z= 58)   24(Z= 58) 
  25(Z= 58)   26(Z= 58)   27(Z= 58)   28(Z= 58)   29(Z= 58)   30(Z= 58) 
  31(Z= 58)   32(Z= 58)   33(Z=  8)   34(Z=  8)   35(Z=  8)   36(Z=  8) 
  37(Z=  8)   38(Z=  8)   39(Z=  8)   40(Z=  8)   41(Z=  8)   42(Z=  8) 
  43(Z=  8)   44(Z=  8)   45(Z=  8)   46(Z=  8)   47(Z=  8)   48(Z=  8) 
  49(Z=  8)   50(Z=  8)   51(Z=  8)   52(Z=  8)   53(Z=  8)   54(Z=  8) 
  55(Z=  8)   56(Z=  8)   57(Z=  8)   58(Z=  8)   59(Z=  8)   60(Z=  8) 
  61(Z=  8)   62(Z=  8)   63(Z=  8)   64(Z=  8)   65(Z= 58)   66(Z= 58) 
  67(Z= 58)   68(Z= 58)   69(Z= 58)   70(Z= 58)   71(Z= 58)   72(Z= 58) 
  73(Z= 58)   74(Z= 58)   75(Z= 58)   76(Z= 58)   77(Z= 58)   78(Z= 58) 
  79(Z= 58)   80(Z= 58)   81(Z=  8)   82(Z=  8)   83(Z=  8)   84(Z=  8) 
  85(Z=  8)   86(Z=  8)   87(Z=  8)   88(Z=  8)   89(Z=  8)   90(Z=  8) 
  91(Z=  8)   92(Z=  8)   93(Z=  8)   94(Z=  8)   95(Z=  8)   96(Z=  8) 
  97(Z=  8)   98(Z=  8)   99(Z=  8)  100(Z=  8)  101(Z=  8)  102(Z=  8) 
 103(Z=  8)  104(Z=  8)  105(Z=  8)  106(Z=  8)  107(Z=  8)  108(Z=  8) 
 109(Z=  8)  110(Z=  8)  111(Z=  8)  112(Z=  8)  113(Z= 58)  114(Z= 58) 
 115(Z= 58)  116(Z= 58)  117(Z= 58)  118(Z= 58)  119(Z= 58)  120(Z= 58) 
 121(Z= 58)  122(Z= 58)  123(Z= 58)  124(Z= 58)  125(Z= 58)  126(Z= 58) 
 127(Z= 58)  128(Z= 58)  129(Z=  8)  130(Z=  8)  131(Z=  8)  132(Z=  8) 
 133(Z=  8)  134(Z=  8)  135(Z=  8)  136(Z=  8)  137(Z=  8)  138(Z=  8) 
 139(Z=  8)  140(Z=  8)  141(Z=  8)  142(Z=  8)  143(Z=  8)  144(Z=  8) 
 193(Z= 14)  194(Z=  8)  195(Z=  8)  196(Z=  8)  197(Z=  8)  198(Z=  6) 
 199(Z=  6)  200(Z=  6)  201(Z=  6)  202(Z=  6)  203(Z=  6)  204(Z=  6) 
 205(Z=  6)  206(Z=  1)  207(Z=  1)  208(Z=  1)  209(Z=  1)  210(Z=  1) 
 211(Z=  1)  212(Z=  1)  213(Z=  1)  214(Z=  1)  215(Z=  1)  216(Z=  1) 
 217(Z=  1)  218(Z=  1)  219(Z=  1)  220(Z=  1)  221(Z=  1)  222(Z=  1) 
 223(Z=  1)  224(Z=  1)  225(Z=  1) 

 IMPORTANT INFORMATION:
 THE COORDINATE SYSTEM ADOPTED IN THE OPTIMIZATION IS NOT IN
 GENERAL HOMOGENEOUS UNITS. FOR THIS REASON THE GRADIENT AND 
 HESSIAN MATRIX IN TERMS OF THIS SYSTEM ARE GIVEN WITHOUT
 UNITS. FOR MORE DETAILS SEE THE MANUAL.

 *******************************************************************************
 ATOMIC POSITIONS OPTIMIZATION CONTROL

 INITIAL TRUST RADIUS         0.50000 MAXIMUM TRUST RADIUS               4.00000
 MAXIMUM GRADIENT COMPONENT   0.00045 MAXIMUM DISPLACEMENT COMPONENT     0.00180
 R.M.S. OF GRADIENT COMPONENT 0.00030 R.M.S. OF DISPLACEMENT COMPONENTS  0.00120
 THRESHOLD ON ENERGY CHANGE 0.100E-06 EXTRAPOLATING POLYNOMIAL ORDER           2
 MAXIMUM ALLOWED NUMBER OF STEPS   -1 SORTING OF ENERGY POINTS:               NO
 ANALYTICAL  GRADIENT                 HESSIAN UPDATING                      BFGS
 STEP SIZE NUMERICAL GRADIENT 0.00100
 INITIAL HESSIAN MATRIX: SCHLEGEL MODEL 2
 *******************************************************************************


 GCALCO - MAX INDICES DIRECT LATTICE VECTOR    83    83     0
 NO.OF VECTORS CREATED 6999 STARS  686 RMAX  1367.64755 BOHR

 GEOMETRY FOR WAVE FUNCTION - DIMENSIONALITY OF THE SYSTEM    2
 (NON PERIODIC DIRECTION: LATTICE PARAMETER FORMALLY SET TO 500)
 *******************************************************************************
 LATTICE PARAMETERS (ANGSTROMS AND DEGREES) - BOHR = 0.5291772083 ANGSTROM
 PRIMITIVE CELL
         A              B              C           ALPHA      BETA       GAMMA 
    15.34300104    15.34300104   500.00000000    90.000000  90.000000  90.000000
 *******************************************************************************
 ATOMS IN THE ASYMMETRIC UNIT  225 - ATOMS IN THE UNIT CELL:  225
     ATOM                 X/A                 Y/B             Z(ANGSTROM)
 *******************************************************************************
      1 T   8 O     1.250013533705E-01  1.250155046487E-01  4.330294765326E+00
      2 T   8 O    -1.250013533705E-01 -1.250155046487E-01  4.330294765326E+00
      3 T   8 O     1.250013533705E-01 -1.250155046487E-01  4.330294765326E+00
      4 T   8 O    -1.250013533705E-01  1.250155046487E-01  4.330294765326E+00
      5 T   8 O     1.249949061542E-01  3.750228716641E-01  4.329472693325E+00
      6 T   8 O    -1.249949061542E-01 -3.750228716641E-01  4.329472693325E+00
      7 T   8 O     1.249949061542E-01 -3.750228716641E-01  4.329472693325E+00
      8 T   8 O    -1.249949061542E-01  3.750228716641E-01  4.329472693325E+00
      9 T   8 O     3.749998986262E-01  1.250277536608E-01  4.330326364487E+00
     10 T   8 O    -3.749998986262E-01 -1.250277536608E-01  4.330326364487E+00
     11 T   8 O     3.749998986262E-01 -1.250277536608E-01  4.330326364487E+00
     12 T   8 O    -3.749998986262E-01  1.250277536608E-01  4.330326364487E+00
     13 T   8 O     3.749961464970E-01  3.750168734575E-01  4.329326863035E+00
     14 T   8 O    -3.749961464970E-01 -3.750168734575E-01  4.329326863035E+00
     15 T   8 O     3.749961464970E-01 -3.750168734575E-01  4.329326863035E+00
     16 T   8 O    -3.749961464970E-01  3.750168734575E-01  4.329326863035E+00
     17 T 258 CE   -1.207583394876E-17  1.250059750148E-01  3.337699340252E+00
     18 T 258 CE   -1.207583394876E-17 -1.250059750148E-01  3.337699340252E+00
     19 T 258 CE   -1.207260513121E-17  3.750156630839E-01  3.336806911435E+00
     20 T 258 CE   -1.207260513121E-17 -3.750156630839E-01  3.336806911435E+00
     21 T 258 CE    2.500050710107E-01  1.250076727585E-01  3.337778322571E+00
     22 T 258 CE   -2.500050710107E-01 -1.250076727585E-01  3.337778322571E+00
     23 T 258 CE    2.500050710107E-01 -1.250076727585E-01  3.337778322571E+00
     24 T 258 CE   -2.500050710107E-01  1.250076727585E-01  3.337778322571E+00
     25 T 258 CE    2.499837114856E-01  3.750105094108E-01  3.336838996061E+00
     26 T 258 CE   -2.499837114856E-01 -3.750105094108E-01  3.336838996061E+00
     27 T 258 CE    2.499837114856E-01 -3.750105094108E-01  3.336838996061E+00
     28 T 258 CE   -2.499837114856E-01  3.750105094108E-01  3.336838996061E+00
     29 T 258 CE   -5.000000000000E-01  1.250133338342E-01  3.337717052953E+00
     30 T 258 CE   -5.000000000000E-01 -1.250133338342E-01  3.337717052953E+00
     31 T 258 CE   -5.000000000000E-01  3.750095394831E-01  3.336925899777E+00
     32 T 258 CE   -5.000000000000E-01 -3.750095394831E-01  3.336925899777E+00
     33 T   8 O     1.249908053326E-01  1.250005431294E-01  1.764032104173E+00
     34 T   8 O    -1.249908053326E-01 -1.250005431294E-01  1.764032104173E+00
     35 T   8 O     1.249908053326E-01 -1.250005431294E-01  1.764032104173E+00
     36 T   8 O    -1.249908053326E-01  1.250005431294E-01  1.764032104173E+00
     37 T   8 O     1.250073666625E-01  3.750040768392E-01  1.764023575484E+00
     38 T   8 O    -1.250073666625E-01 -3.750040768392E-01  1.764023575484E+00
     39 T   8 O     1.250073666625E-01 -3.750040768392E-01  1.764023575484E+00
     40 T   8 O    -1.250073666625E-01  3.750040768392E-01  1.764023575484E+00
     41 T   8 O     3.749981922104E-01  1.250012531393E-01  1.764318345264E+00
     42 T   8 O    -3.749981922104E-01 -1.250012531393E-01  1.764318345264E+00
     43 T   8 O     3.749981922104E-01 -1.250012531393E-01  1.764318345264E+00
     44 T   8 O    -3.749981922104E-01  1.250012531393E-01  1.764318345264E+00
     45 T   8 O     3.750440199382E-01  3.750023345312E-01  1.763602206263E+00
     46 T   8 O    -3.750440199382E-01 -3.750023345312E-01  1.763602206263E+00
     47 T   8 O     3.750440199382E-01 -3.750023345312E-01  1.763602206263E+00
     48 T   8 O    -3.750440199382E-01  3.750023345312E-01  1.763602206263E+00
     49 T   8 O    -8.013701458847E-18  8.013701458847E-18  2.214946494433E+00
     50 T   8 O    -8.011306426888E-18  2.499975449440E-01  2.214284519730E+00
     51 T   8 O    -8.011306426888E-18 -2.499975449440E-01  2.214284519730E+00
     52 T   8 O    -8.008310238912E-18 -5.000000000000E-01  2.213456388549E+00
     53 T   8 O     2.500225918800E-01  8.013856459738E-18  2.214989335894E+00
     54 T   8 O    -2.500225918800E-01  8.013856459738E-18  2.214989335894E+00
     55 T   8 O     2.499848647141E-01  2.499932128569E-01  2.214293054961E+00
     56 T   8 O    -2.499848647141E-01 -2.499932128569E-01  2.214293054961E+00
     57 T   8 O     2.499848647141E-01 -2.499932128569E-01  2.214293054961E+00
     58 T   8 O    -2.499848647141E-01  2.499932128569E-01  2.214293054961E+00
     59 T   8 O     2.499955503790E-01 -5.000000000000E-01  2.213572904412E+00
     60 T   8 O    -2.499955503790E-01 -5.000000000000E-01  2.213572904412E+00
     61 T   8 O    -5.000000000000E-01  8.013966212237E-18  2.215019670929E+00
     62 T   8 O    -5.000000000000E-01  2.499971009558E-01  2.214305567349E+00
     63 T   8 O    -5.000000000000E-01 -2.499971009558E-01  2.214305567349E+00
     64 T   8 O    -5.000000000000E-01 -5.000000000000E-01  2.213640354711E+00
     65 T 258 CE    1.249949089626E-01  2.185246539409E-18  6.039910753840E-01
     66 T 258 CE   -1.249949089626E-01  2.185246539409E-18  6.039910753840E-01
     67 T 258 CE    1.250005942605E-01  2.500005049607E-01  6.039010237420E-01
     68 T 258 CE   -1.250005942605E-01 -2.500005049607E-01  6.039010237420E-01
     69 T 258 CE    1.250005942605E-01 -2.500005049607E-01  6.039010237420E-01
     70 T 258 CE   -1.250005942605E-01  2.500005049607E-01  6.039010237420E-01
     71 T 258 CE    1.250012257435E-01 -5.000000000000E-01  6.035948734380E-01
     72 T 258 CE   -1.250012257435E-01 -5.000000000000E-01  6.035948734380E-01
     73 T 258 CE    3.749960592209E-01  2.186389463681E-18  6.043069738640E-01
     74 T 258 CE   -3.749960592209E-01  2.186389463681E-18  6.043069738640E-01
     75 T 258 CE    3.750067602464E-01  2.499899500495E-01  6.039509157690E-01
     76 T 258 CE   -3.750067602464E-01 -2.499899500495E-01  6.039509157690E-01
     77 T 258 CE    3.750067602464E-01 -2.499899500495E-01  6.039509157690E-01
     78 T 258 CE   -3.750067602464E-01  2.499899500495E-01  6.039509157690E-01
     79 T 258 CE    3.750173953370E-01 -5.000000000000E-01  6.035597021790E-01
     80 T 258 CE   -3.750173953370E-01 -5.000000000000E-01  6.035597021790E-01
     81 T   8 O     2.330452496262E-18 -2.330452496262E-18 -6.441252664010E-01
     82 T   8 O     2.330986041209E-18  2.500131437725E-01 -6.442727355220E-01
     83 T   8 O     2.330986041209E-18 -2.500131437725E-01 -6.442727355220E-01
     84 T   8 O     2.331393585757E-18 -5.000000000000E-01 -6.443853787710E-01
     85 T   8 O     2.500011066113E-01 -2.329625617687E-18 -6.438967213510E-01
     86 T   8 O    -2.500011066113E-01 -2.329625617687E-18 -6.438967213510E-01
     87 T   8 O     2.500055531583E-01  2.500029101557E-01 -6.441310921200E-01
     88 T   8 O    -2.500055531583E-01 -2.500029101557E-01 -6.441310921200E-01
     89 T   8 O     2.500055531583E-01 -2.500029101557E-01 -6.441310921200E-01
     90 T   8 O    -2.500055531583E-01  2.500029101557E-01 -6.441310921200E-01
     91 T   8 O     2.500017826882E-01 -5.000000000000E-01 -6.443767573280E-01
     92 T   8 O    -2.500017826882E-01 -5.000000000000E-01 -6.443767573280E-01
     93 T   8 O    -5.000000000000E-01 -2.329032489611E-18 -6.437327837550E-01
     94 T   8 O    -5.000000000000E-01  2.499413282208E-01 -6.442308959220E-01
     95 T   8 O    -5.000000000000E-01 -2.499413282208E-01 -6.442308959220E-01
     96 T   8 O    -5.000000000000E-01 -5.000000000000E-01 -6.448140307730E-01
     97 T   8 O     1.249989112951E-01  1.249997773260E-01 -8.658555185580E-01
     98 T   8 O    -1.249989112951E-01 -1.249997773260E-01 -8.658555185580E-01
     99 T   8 O     1.249989112951E-01 -1.249997773260E-01 -8.658555185580E-01
    100 T   8 O    -1.249989112951E-01  1.249997773260E-01 -8.658555185580E-01
    101 T   8 O     1.249966603183E-01  3.749958163206E-01 -8.657544107510E-01
    102 T   8 O    -1.249966603183E-01 -3.749958163206E-01 -8.657544107510E-01
    103 T   8 O     1.249966603183E-01 -3.749958163206E-01 -8.657544107510E-01
    104 T   8 O    -1.249966603183E-01  3.749958163206E-01 -8.657544107510E-01
    105 T   8 O     3.749995440041E-01  1.250032143432E-01 -8.659093516480E-01
    106 T   8 O    -3.749995440041E-01 -1.250032143432E-01 -8.659093516480E-01
    107 T   8 O     3.749995440041E-01 -1.250032143432E-01 -8.659093516480E-01
    108 T   8 O    -3.749995440041E-01  1.250032143432E-01 -8.659093516480E-01
    109 T   8 O     3.749962583918E-01  3.750018918989E-01 -8.660424444640E-01
    110 T   8 O    -3.749962583918E-01 -3.750018918989E-01 -8.660424444640E-01
    111 T   8 O     3.749962583918E-01 -3.750018918989E-01 -8.660424444640E-01
    112 T   8 O    -3.749962583918E-01  3.750018918989E-01 -8.660424444640E-01
    113 T 258 CE    7.651628732302E-18  1.249994774941E-01 -2.114871426687E+00
    114 T 258 CE    7.651628732302E-18 -1.249994774941E-01 -2.114871426687E+00
    115 T 258 CE    7.651862895620E-18  3.749972573542E-01 -2.114936148242E+00
    116 T 258 CE    7.651862895620E-18 -3.749972573542E-01 -2.114936148242E+00
    117 T 258 CE    2.500009234596E-01  1.249999057137E-01 -2.114857864986E+00
    118 T 258 CE   -2.500009234596E-01 -1.249999057137E-01 -2.114857864986E+00
    119 T 258 CE    2.500009234596E-01 -1.249999057137E-01 -2.114857864986E+00
    120 T 258 CE   -2.500009234596E-01  1.249999057137E-01 -2.114857864986E+00
    121 T 258 CE    2.500026430941E-01  3.749994026815E-01 -2.114922251340E+00
    122 T 258 CE   -2.500026430941E-01 -3.749994026815E-01 -2.114922251340E+00
    123 T 258 CE    2.500026430941E-01 -3.749994026815E-01 -2.114922251340E+00
    124 T 258 CE   -2.500026430941E-01  3.749994026815E-01 -2.114922251340E+00
    125 T 258 CE   -5.000000000000E-01  1.250008899835E-01 -2.114821740805E+00
    126 T 258 CE   -5.000000000000E-01 -1.250008899835E-01 -2.114821740805E+00
    127 T 258 CE   -5.000000000000E-01  3.750012736078E-01 -2.114887550446E+00
    128 T 258 CE   -5.000000000000E-01 -3.750012736078E-01 -2.114887550446E+00
    129 T   8 O     1.250002965726E-01  1.249999152058E-01 -3.575693300994E+00
    130 T   8 O    -1.250002965726E-01 -1.249999152058E-01 -3.575693300994E+00
    131 T   8 O     1.250002965726E-01 -1.249999152058E-01 -3.575693300994E+00
    132 T   8 O    -1.250002965726E-01  1.249999152058E-01 -3.575693300994E+00
    133 T   8 O     1.250012359927E-01  3.749997156137E-01 -3.575639000894E+00
    134 T   8 O    -1.250012359927E-01 -3.749997156137E-01 -3.575639000894E+00
    135 T   8 O     1.250012359927E-01 -3.749997156137E-01 -3.575639000894E+00
    136 T   8 O    -1.250012359927E-01  3.749997156137E-01 -3.575639000894E+00
    137 T   8 O     3.749992590495E-01  1.250002425505E-01 -3.575756229699E+00
    138 T   8 O    -3.749992590495E-01 -1.250002425505E-01 -3.575756229699E+00
    139 T   8 O     3.749992590495E-01 -1.250002425505E-01 -3.575756229699E+00
    140 T   8 O    -3.749992590495E-01  1.250002425505E-01 -3.575756229699E+00
    141 T   8 O     3.749986775978E-01  3.750001851428E-01 -3.575795592608E+00
    142 T   8 O    -3.749986775978E-01 -3.750001851428E-01 -3.575795592608E+00
    143 T   8 O     3.749986775978E-01 -3.750001851428E-01 -3.575795592608E+00
    144 T   8 O    -3.749986775978E-01  3.750001851428E-01 -3.575795592608E+00
    145 T   8 O     1.226634733357E-17 -1.226634733357E-17 -3.390356274875E+00
    146 T   8 O     1.226634733357E-17  2.500000000006E-01 -3.390356274875E+00
    147 T   8 O     1.226634733357E-17 -2.500000000006E-01 -3.390356274875E+00
    148 T   8 O     1.226634733357E-17 -5.000000000000E-01 -3.390356274875E+00
    149 T   8 O     2.500000000007E-01 -1.226634733357E-17 -3.390356274875E+00
    150 T   8 O    -2.500000000007E-01 -1.226634733357E-17 -3.390356274875E+00
    151 T   8 O     2.500000000007E-01  2.500000000006E-01 -3.390356274875E+00
    152 T   8 O    -2.500000000007E-01 -2.500000000006E-01 -3.390356274875E+00
    153 T   8 O     2.500000000007E-01 -2.500000000006E-01 -3.390356274875E+00
    154 T   8 O    -2.500000000007E-01  2.500000000006E-01 -3.390356274875E+00
    155 T   8 O     2.500000000007E-01 -5.000000000000E-01 -3.390356274875E+00
    156 T   8 O    -2.500000000007E-01 -5.000000000000E-01 -3.390356274875E+00
    157 T   8 O    -5.000000000000E-01 -1.226634733357E-17 -3.390356274875E+00
    158 T   8 O    -5.000000000000E-01  2.500000000006E-01 -3.390356274875E+00
    159 T   8 O    -5.000000000000E-01 -2.500000000006E-01 -3.390356274875E+00
    160 T   8 O    -5.000000000000E-01 -5.000000000000E-01 -3.390356274875E+00
    161 T 258 CE    1.250000000004E-01 -1.717288626699E-17 -4.746498784825E+00
    162 T 258 CE   -1.250000000004E-01 -1.717288626699E-17 -4.746498784825E+00
    163 T 258 CE    1.250000000004E-01  2.500000000006E-01 -4.746498784825E+00
    164 T 258 CE   -1.250000000004E-01 -2.500000000006E-01 -4.746498784825E+00
    165 T 258 CE    1.250000000004E-01 -2.500000000006E-01 -4.746498784825E+00
    166 T 258 CE   -1.250000000004E-01  2.500000000006E-01 -4.746498784825E+00
    167 T 258 CE    1.250000000004E-01 -5.000000000000E-01 -4.746498784825E+00
    168 T 258 CE   -1.250000000004E-01 -5.000000000000E-01 -4.746498784825E+00
    169 T 258 CE    3.750000000010E-01 -1.717288626699E-17 -4.746498784825E+00
    170 T 258 CE   -3.750000000010E-01 -1.717288626699E-17 -4.746498784825E+00
    171 T 258 CE    3.750000000010E-01  2.500000000006E-01 -4.746498784825E+00
    172 T 258 CE   -3.750000000010E-01 -2.500000000006E-01 -4.746498784825E+00
    173 T 258 CE    3.750000000010E-01 -2.500000000006E-01 -4.746498784825E+00
    174 T 258 CE   -3.750000000010E-01  2.500000000006E-01 -4.746498784825E+00
    175 T 258 CE    3.750000000010E-01 -5.000000000000E-01 -4.746498784825E+00
    176 T 258 CE   -3.750000000010E-01 -5.000000000000E-01 -4.746498784825E+00
    177 T   8 O     2.206986896606E-17 -2.206986896606E-17 -6.100000000000E+00
    178 T   8 O     2.206986896606E-17  2.500000000006E-01 -6.100000000000E+00
    179 T   8 O     2.206986896606E-17 -2.500000000006E-01 -6.100000000000E+00
    180 T   8 O     2.206986896606E-17 -5.000000000000E-01 -6.100000000000E+00
    181 T   8 O     2.500000000007E-01 -2.206986896606E-17 -6.100000000000E+00
    182 T   8 O    -2.500000000007E-01 -2.206986896606E-17 -6.100000000000E+00
    183 T   8 O     2.500000000007E-01  2.500000000006E-01 -6.100000000000E+00
    184 T   8 O    -2.500000000007E-01 -2.500000000006E-01 -6.100000000000E+00
    185 T   8 O     2.500000000007E-01 -2.500000000006E-01 -6.100000000000E+00
    186 T   8 O    -2.500000000007E-01  2.500000000006E-01 -6.100000000000E+00
    187 T   8 O     2.500000000007E-01 -5.000000000000E-01 -6.100000000000E+00
    188 T   8 O    -2.500000000007E-01 -5.000000000000E-01 -6.100000000000E+00
    189 T   8 O    -5.000000000000E-01 -2.206986896606E-17 -6.100000000000E+00
    190 T   8 O    -5.000000000000E-01  2.500000000006E-01 -6.100000000000E+00
    191 T   8 O    -5.000000000000E-01 -2.500000000006E-01 -6.100000000000E+00
    192 T   8 O    -5.000000000000E-01 -5.000000000000E-01 -6.100000000000E+00
    193 T  14 SI   -3.284994800000E-01 -2.886637297360E-01  8.697999999990E+00
    194 T   8 O     3.095005200000E-01 -3.156637297360E-01  8.697999999990E+00
    195 T   8 O    -3.284994800000E-01 -2.616637297360E-01  1.005999999999E+01
    196 T   8 O     3.350052000000E-02 -3.156637297360E-01  8.697999999990E+00
    197 T   8 O    -3.284994800000E-01 -2.616637297360E-01  7.335999999990E+00
    198 T   6 C     2.150052000000E-02  8.433627026400E-02  8.697999999990E+00
    199 T   6 C     3.215005200000E-01  8.433627026400E-02  8.697999999990E+00
    200 T   6 C    -3.284994800000E-01  3.383362702640E-01  1.134799999999E+01
    201 T   6 C    -3.284994800000E-01  3.383362702640E-01  6.047999999990E+00
    202 T   6 C    -2.949948000000E-02  1.763362702640E-01  8.697999999990E+00
    203 T   6 C     3.725005200000E-01  1.763362702640E-01  8.697999999990E+00
    204 T   6 C    -3.284994800000E-01  2.463362702640E-01  1.239899999999E+01
    205 T   6 C    -3.284994800000E-01  2.463362702640E-01  4.996999999990E+00
    206 T   1 H    -3.649948000000E-02 -2.526637297360E-01  8.697999999990E+00
    207 T   1 H     3.795005200000E-01 -2.526637297360E-01  8.697999999990E+00
    208 T   1 H    -3.284994800000E-01 -3.246637297360E-01  1.340599999999E+01
    209 T   1 H    -2.064994800000E-01 -3.936637297360E-01  5.107999999990E+00
    210 T   1 H     8.150052000000E-02 -1.836637297360E-01  9.575999999990E+00
    211 T   1 H     8.150052000000E-02 -1.836637297360E-01  7.819999999990E+00
    212 T   1 H    -1.094994800000E-01  4.593362702640E-01  9.590999999990E+00
    213 T   1 H    -1.094994800000E-01  4.593362702640E-01  7.804999999990E+00
    214 T   1 H    -2.064994800000E-01 -3.936637297360E-01  1.228799999999E+01
    215 T   1 H    -4.504994800000E-01 -3.936637297360E-01  1.228799999999E+01
    216 T   1 H    -4.354994800000E-01 -3.666372973600E-02  1.147899999999E+01
    217 T   1 H    -2.214994800000E-01 -3.666372973600E-02  1.147899999999E+01
    218 T   1 H     4.525005200000E-01  4.593362702640E-01  9.590999999990E+00
    219 T   1 H     4.525005200000E-01  4.593362702640E-01  7.804999999990E+00
    220 T   1 H     2.615005200000E-01 -1.836637297360E-01  9.575999999990E+00
    221 T   1 H     2.615005200000E-01 -1.836637297360E-01  7.819999999990E+00
    222 T   1 H    -2.214994800000E-01 -3.666372973600E-02  5.916999999990E+00
    223 T   1 H    -4.354994800000E-01 -3.666372973600E-02  5.916999999990E+00
    224 T   1 H    -4.504994800000E-01 -3.936637297360E-01  5.107999999990E+00
    225 T   1 H    -3.284994800000E-01 -3.246637297360E-01  3.989999999990E+00

 T = ATOM BELONGING TO THE ASYMMETRIC UNIT

 ****    1 SYMMOPS - TRANSLATORS IN FRACTIONAL UNITS
 **** MATRICES AND TRANSLATORS IN THE CRYSTALLOGRAPHIC REFERENCE FRAME
   V INV                    ROTATION MATRICES                   TRANSLATORS
   1   1  1.00  0.00  0.00  0.00  1.00  0.00  0.00  0.00  1.00  0.00  0.00  0.00

 DIRECT LATTICE VECTORS CARTESIAN COMPONENTS (ANGSTROM)
          X                    Y                    Z
   0.153430010406E+02   0.000000000000E+00   0.000000000000E+00
   0.000000000000E+00   0.153430010406E+02   0.000000000000E+00
   0.000000000000E+00   0.000000000000E+00   0.500000000000E+03


 CARTESIAN COORDINATES - PRIMITIVE CELL
 *******************************************************************************
 *      ATOM          X(ANGSTROM)         Y(ANGSTROM)         Z(ANGSTROM)
 *******************************************************************************
    1     8 O     1.917895894840E+00  1.918113017916E+00  4.330294765326E+00
    2     8 O    -1.917895894840E+00 -1.918113017916E+00  4.330294765326E+00
    3     8 O     1.917895894840E+00 -1.918113017916E+00  4.330294765326E+00
    4     8 O    -1.917895894840E+00  1.918113017916E+00  4.330294765326E+00
    5     8 O     1.917796975193E+00  5.753976310191E+00  4.329472693325E+00
    6     8 O    -1.917796975193E+00 -5.753976310191E+00  4.329472693325E+00
    7     8 O     1.917796975193E+00 -5.753976310191E+00  4.329472693325E+00
    8     8 O    -1.917796975193E+00  5.753976310191E+00  4.329472693325E+00
    9     8 O     5.753623834846E+00  1.918300954521E+00  4.330326364487E+00
   10     8 O    -5.753623834846E+00 -1.918300954521E+00  4.330326364487E+00
   11     8 O     5.753623834846E+00 -1.918300954521E+00  4.330326364487E+00
   12     8 O    -5.753623834846E+00  1.918300954521E+00  4.330326364487E+00
   13     8 O     5.753566265924E+00  5.753884279701E+00  4.329326863035E+00
   14     8 O    -5.753566265924E+00 -5.753884279701E+00  4.329326863035E+00
   15     8 O     5.753566265924E+00 -5.753884279701E+00  4.329326863035E+00
   16     8 O    -5.753566265924E+00  5.753884279701E+00  4.329326863035E+00
   17   258 CE   -1.852795328420E-16  1.917966804734E+00  3.337699340252E+00
   18   258 CE   -1.852795328420E-16 -1.917966804734E+00  3.337699340252E+00
   19   258 CE   -1.852299930910E-16  5.753865708937E+00  3.336806911435E+00
   20   258 CE   -1.852299930910E-16 -5.753865708937E+00  3.336806911435E+00
   21   258 CE    3.835828064673E+00  1.917992853216E+00  3.337778322571E+00
   22   258 CE   -3.835828064673E+00 -1.917992853216E+00  3.337778322571E+00
   23   258 CE    3.835828064673E+00 -1.917992853216E+00  3.337778322571E+00
   24   258 CE   -3.835828064673E+00  1.917992853216E+00  3.337778322571E+00
   25   258 CE    3.835500345456E+00  5.753786636126E+00  3.336838996061E+00
   26   258 CE   -3.835500345456E+00 -5.753786636126E+00  3.336838996061E+00
   27   258 CE    3.835500345456E+00 -5.753786636126E+00  3.336838996061E+00
   28   258 CE   -3.835500345456E+00  5.753786636126E+00  3.336838996061E+00
   29   258 CE    7.671500520300E+00  1.918079711107E+00  3.337717052953E+00
   30   258 CE    7.671500520300E+00 -1.918079711107E+00  3.337717052953E+00
   31   258 CE    7.671500520300E+00  5.753771754524E+00  3.336925899777E+00
   32   258 CE    7.671500520300E+00 -5.753771754524E+00  3.336925899777E+00
   33     8 O     1.917734056283E+00  1.917883463310E+00  1.764032104173E+00
   34     8 O    -1.917734056283E+00 -1.917883463310E+00  1.764032104173E+00
   35     8 O     1.917734056283E+00 -1.917883463310E+00  1.764032104173E+00
   36     8 O    -1.917734056283E+00  1.917883463310E+00  1.764032104173E+00
   37     8 O     1.917988156785E+00  5.753687941173E+00  1.764023575484E+00
   38     8 O    -1.917988156785E+00 -5.753687941173E+00  1.764023575484E+00
   39     8 O     1.917988156785E+00 -5.753687941173E+00  1.764023575484E+00
   40     8 O    -1.917988156785E+00  5.753687941173E+00  1.764023575484E+00
   41     8 O     5.753597653307E+00  1.917894356992E+00  1.764318345264E+00
   42     8 O    -5.753597653307E+00 -1.917894356992E+00  1.764318345264E+00
   43     8 O     5.753597653307E+00 -1.917894356992E+00  1.764318345264E+00
   44     8 O    -5.753597653307E+00  1.917894356992E+00  1.764318345264E+00
   45     8 O     5.754300788182E+00  5.753661208940E+00  1.763602206263E+00
   46     8 O    -5.754300788182E+00 -5.753661208940E+00  1.763602206263E+00
   47     8 O     5.754300788182E+00 -5.753661208940E+00  1.763602206263E+00
   48     8 O    -5.754300788182E+00  5.753661208940E+00  1.763602206263E+00
   49     8 O    -1.229542298222E-16  1.229542298222E-16  2.214946494433E+00
   50     8 O    -1.229174828443E-16  3.835712592223E+00  2.214284519730E+00
   51     8 O    -1.229174828443E-16 -3.835712592223E+00  2.214284519730E+00
   52     8 O    -1.228715123291E-16  7.671500520300E+00  2.213456388549E+00
   53     8 O     3.836096887389E+00  1.229566080010E-16  2.214989335894E+00
   54     8 O    -3.836096887389E+00  1.229566080010E-16  2.214989335894E+00
   55     8 O     3.835518039442E+00  3.835646125007E+00  2.214293054961E+00
   56     8 O    -3.835518039442E+00 -3.835646125007E+00  2.214293054961E+00
   57     8 O     3.835518039442E+00 -3.835646125007E+00  2.214293054961E+00
   58     8 O    -3.835518039442E+00  3.835646125007E+00  2.214293054961E+00
   59     8 O     3.835681989611E+00  7.671500520300E+00  2.213572904412E+00
   60     8 O    -3.835681989611E+00  7.671500520300E+00  2.213572904412E+00
   61     8 O     7.671500520300E+00  1.229582919337E-16  2.215019670929E+00
   62     8 O     7.671500520300E+00  3.835705780112E+00  2.214305567349E+00
   63     8 O     7.671500520300E+00 -3.835705780112E+00  2.214305567349E+00
   64     8 O     7.671500520300E+00  7.671500520300E+00  2.213640354711E+00
   65   258 CE    1.917797018283E+00  3.352823992812E-17  6.039910753840E-01
   66   258 CE   -1.917797018283E+00  3.352823992812E-17  6.039910753840E-01
   67   258 CE    1.917884247814E+00  3.835758007763E+00  6.039010237420E-01
   68   258 CE   -1.917884247814E+00 -3.835758007763E+00  6.039010237420E-01
   69   258 CE    1.917884247814E+00 -3.835758007763E+00  6.039010237420E-01
   70   258 CE   -1.917884247814E+00  3.835758007763E+00  6.039010237420E-01
   71   258 CE    1.917893936659E+00  7.671500520300E+00  6.035948734380E-01
   72   258 CE   -1.917893936659E+00  7.671500520300E+00  6.035948734380E-01
   73   258 CE    5.753564926847E+00  3.354577581641E-17  6.043069738640E-01
   74   258 CE   -5.753564926847E+00  3.354577581641E-17  6.043069738640E-01
   75   258 CE    5.753729112693E+00  3.835596063749E+00  6.039509157690E-01
   76   258 CE   -5.753729112693E+00 -3.835596063749E+00  6.039509157690E-01
   77   258 CE    5.753729112693E+00 -3.835596063749E+00  6.039509157690E-01
   78   258 CE   -5.753729112693E+00  3.835596063749E+00  6.039509157690E-01
   79   258 CE    5.753892286899E+00  7.671500520300E+00  6.035597021790E-01
   80   258 CE   -5.753892286899E+00  7.671500520300E+00  6.035597021790E-01
   81     8 O     3.575613507522E-17 -3.575613507522E-17 -6.441252664010E-01
   82     8 O     3.576432125589E-17  3.835951925065E+00 -6.442727355220E-01
   83     8 O     3.576432125589E-17 -3.835951925065E+00 -6.442727355220E-01
   84     8 O     3.577057421232E-17  7.671500520300E+00 -6.443853787710E-01
   85     8 O     3.835767238888E+00 -3.574344827638E-17 -6.438967213510E-01
   86     8 O    -3.835767238888E+00 -3.574344827638E-17 -6.438967213510E-01
   87     8 O     3.835835462264E+00  3.835794910672E+00 -6.441310921200E-01
   88     8 O    -3.835835462264E+00 -3.835794910672E+00 -6.441310921200E-01
   89     8 O     3.835835462264E+00 -3.835794910672E+00 -6.441310921200E-01
   90     8 O    -3.835835462264E+00  3.835794910672E+00 -6.441310921200E-01
   91     8 O     3.835777611937E+00  7.671500520300E+00 -6.443767573280E-01
   92     8 O    -3.835777611937E+00  7.671500520300E+00 -6.443767573280E-01
   93     8 O     7.671500520300E+00 -3.573434791170E-17 -6.437327837550E-01
   94     8 O     7.671500520300E+00  3.834850058981E+00 -6.442308959220E-01
   95     8 O     7.671500520300E+00 -3.834850058981E+00 -6.442308959220E-01
   96     8 O     7.671500520300E+00  7.671500520300E+00 -6.448140307730E-01
   97     8 O     1.917858426075E+00  1.917871713587E+00 -8.658555185580E-01
   98     8 O    -1.917858426075E+00 -1.917871713587E+00 -8.658555185580E-01
   99     8 O     1.917858426075E+00 -1.917871713587E+00 -8.658555185580E-01
  100     8 O    -1.917858426075E+00  1.917871713587E+00 -8.658555185580E-01
  101     8 O     1.917823889335E+00  5.753561200028E+00 -8.657544107510E-01
  102     8 O    -1.917823889335E+00 -5.753561200028E+00 -8.657544107510E-01
  103     8 O     1.917823889335E+00 -5.753561200028E+00 -8.657544107510E-01
  104     8 O    -1.917823889335E+00  5.753561200028E+00 -8.657544107510E-01
  105     8 O     5.753618393879E+00  1.917924447746E+00 -8.659093516480E-01
  106     8 O    -5.753618393879E+00 -1.917924447746E+00 -8.659093516480E-01
  107     8 O     5.753618393879E+00 -1.917924447746E+00 -8.659093516480E-01
  108     8 O    -5.753618393879E+00  1.917924447746E+00 -8.659093516480E-01
  109     8 O     5.753567982726E+00  5.753654417632E+00 -8.660424444640E-01
  110     8 O    -5.753567982726E+00 -5.753654417632E+00 -8.660424444640E-01
  111     8 O     5.753567982726E+00 -5.753654417632E+00 -8.660424444640E-01
  112     8 O    -5.753567982726E+00  5.753654417632E+00 -8.660424444640E-01
  113   258 CE    1.173989476020E-16  1.917867113267E+00 -2.114871426687E+00
  114   258 CE    1.173989476020E-16 -1.917867113267E+00 -2.114871426687E+00
  115   258 CE    1.174025403700E-16  5.753583309807E+00 -2.114936148242E+00
  116   258 CE    1.174025403700E-16 -5.753583309807E+00 -2.114936148242E+00
  117   258 CE    3.835764428792E+00  1.917873683440E+00 -2.114857864986E+00
  118   258 CE   -3.835764428792E+00 -1.917873683440E+00 -2.114857864986E+00
  119   258 CE    3.835764428792E+00 -1.917873683440E+00 -2.114857864986E+00
  120   258 CE   -3.835764428792E+00  1.917873683440E+00 -2.114857864986E+00
  121   258 CE    3.835790813146E+00  5.753616225566E+00 -2.114922251340E+00
  122   258 CE   -3.835790813146E+00 -5.753616225566E+00 -2.114922251340E+00
  123   258 CE    3.835790813146E+00 -5.753616225566E+00 -2.114922251340E+00
  124   258 CE   -3.835790813146E+00  5.753616225566E+00 -2.114922251340E+00
  125   258 CE    7.671500520300E+00  1.917888785093E+00 -2.114821740805E+00
  126   258 CE    7.671500520300E+00 -1.917888785093E+00 -2.114821740805E+00
  127   258 CE    7.671500520300E+00  5.753644931191E+00 -2.114887550446E+00
  128   258 CE    7.671500520300E+00 -5.753644931191E+00 -2.114887550446E+00
  129     8 O     1.917879680388E+00  1.917873829078E+00 -3.575693300994E+00
  130     8 O    -1.917879680388E+00 -1.917873829078E+00 -3.575693300994E+00
  131     8 O     1.917879680388E+00 -1.917873829078E+00 -3.575693300994E+00
  132     8 O    -1.917879680388E+00  1.917873829078E+00 -3.575693300994E+00
  133     8 O     1.917894093912E+00  5.753621026886E+00 -3.575639000894E+00
  134     8 O    -1.917894093912E+00 -5.753621026886E+00 -3.575639000894E+00
  135     8 O     1.917894093912E+00 -5.753621026886E+00 -3.575639000894E+00
  136     8 O    -1.917894093912E+00  5.753621026886E+00 -3.575639000894E+00
  137     8 O     5.753614021820E+00  1.917878851528E+00 -3.575756229699E+00
  138     8 O    -5.753614021820E+00 -1.917878851528E+00 -3.575756229699E+00
  139     8 O     5.753614021820E+00 -1.917878851528E+00 -3.575756229699E+00
  140     8 O    -5.753614021820E+00  1.917878851528E+00 -3.575756229699E+00
  141     8 O     5.753605100607E+00  5.753628230871E+00 -3.575795592608E+00
  142     8 O    -5.753605100607E+00 -5.753628230871E+00 -3.575795592608E+00
  143     8 O     5.753605100607E+00 -5.753628230871E+00 -3.575795592608E+00
  144     8 O    -5.753605100607E+00  5.753628230871E+00 -3.575795592608E+00
  145     8 O     1.882025799033E-16 -1.882025799033E-16 -3.390356274875E+00
  146     8 O     1.882025799033E-16  3.835750260159E+00 -3.390356274875E+00
  147     8 O     1.882025799033E-16 -3.835750260159E+00 -3.390356274875E+00
  148     8 O     1.882025799033E-16  7.671500520300E+00 -3.390356274875E+00
  149     8 O     3.835750260161E+00 -1.882025799033E-16 -3.390356274875E+00
  150     8 O    -3.835750260161E+00 -1.882025799033E-16 -3.390356274875E+00
  151     8 O     3.835750260161E+00  3.835750260159E+00 -3.390356274875E+00
  152     8 O    -3.835750260161E+00 -3.835750260159E+00 -3.390356274875E+00
  153     8 O     3.835750260161E+00 -3.835750260159E+00 -3.390356274875E+00
  154     8 O    -3.835750260161E+00  3.835750260159E+00 -3.390356274875E+00
  155     8 O     3.835750260161E+00  7.671500520300E+00 -3.390356274875E+00
  156     8 O    -3.835750260161E+00  7.671500520300E+00 -3.390356274875E+00
  157     8 O     7.671500520300E+00 -1.882025799033E-16 -3.390356274875E+00
  158     8 O     7.671500520300E+00  3.835750260159E+00 -3.390356274875E+00
  159     8 O     7.671500520300E+00 -3.835750260159E+00 -3.390356274875E+00
  160     8 O     7.671500520300E+00  7.671500520300E+00 -3.390356274875E+00
  161   258 CE    1.917875130081E+00 -2.634836118646E-16 -4.746498784825E+00
  162   258 CE   -1.917875130081E+00 -2.634836118646E-16 -4.746498784825E+00
  163   258 CE    1.917875130081E+00  3.835750260159E+00 -4.746498784825E+00
  164   258 CE   -1.917875130081E+00 -3.835750260159E+00 -4.746498784825E+00
  165   258 CE    1.917875130081E+00 -3.835750260159E+00 -4.746498784825E+00
  166   258 CE   -1.917875130081E+00  3.835750260159E+00 -4.746498784825E+00
  167   258 CE    1.917875130081E+00  7.671500520300E+00 -4.746498784825E+00
  168   258 CE   -1.917875130081E+00  7.671500520300E+00 -4.746498784825E+00
  169   258 CE    5.753625390240E+00 -2.634836118646E-16 -4.746498784825E+00
  170   258 CE   -5.753625390240E+00 -2.634836118646E-16 -4.746498784825E+00
  171   258 CE    5.753625390240E+00  3.835750260159E+00 -4.746498784825E+00
  172   258 CE   -5.753625390240E+00 -3.835750260159E+00 -4.746498784825E+00
  173   258 CE    5.753625390240E+00 -3.835750260159E+00 -4.746498784825E+00
  174   258 CE   -5.753625390240E+00  3.835750260159E+00 -4.746498784825E+00
  175   258 CE    5.753625390240E+00  7.671500520300E+00 -4.746498784825E+00
  176   258 CE   -5.753625390240E+00  7.671500520300E+00 -4.746498784825E+00
  177     8 O     3.386180225121E-16 -3.386180225121E-16 -6.100000000000E+00
  178     8 O     3.386180225121E-16  3.835750260159E+00 -6.100000000000E+00
  179     8 O     3.386180225121E-16 -3.835750260159E+00 -6.100000000000E+00
  180     8 O     3.386180225121E-16  7.671500520300E+00 -6.100000000000E+00
  181     8 O     3.835750260161E+00 -3.386180225121E-16 -6.100000000000E+00
  182     8 O    -3.835750260161E+00 -3.386180225121E-16 -6.100000000000E+00
  183     8 O     3.835750260161E+00  3.835750260159E+00 -6.100000000000E+00
  184     8 O    -3.835750260161E+00 -3.835750260159E+00 -6.100000000000E+00
  185     8 O     3.835750260161E+00 -3.835750260159E+00 -6.100000000000E+00
  186     8 O    -3.835750260161E+00  3.835750260159E+00 -6.100000000000E+00
  187     8 O     3.835750260161E+00  7.671500520300E+00 -6.100000000000E+00
  188     8 O    -3.835750260161E+00  7.671500520300E+00 -6.100000000000E+00
  189     8 O     7.671500520300E+00 -3.386180225121E-16 -6.100000000000E+00
  190     8 O     7.671500520300E+00  3.835750260159E+00 -6.100000000000E+00
  191     8 O     7.671500520300E+00 -3.835750260159E+00 -6.100000000000E+00
  192     8 O     7.671500520300E+00  7.671500520300E+00 -6.100000000000E+00
  193    14 SI    1.177038404613E+02  1.336580414597E+02  8.697999999990E+00
  194     8 O     9.680667304403E+01  1.485867814722E+02  8.697999999990E+00
  195     8 O     1.177038404613E+02  1.187293014472E+02  1.005999999999E+01
  196     8 O     1.386010078786E+02  1.485867814722E+02  8.697999999990E+00
  197     8 O     1.177038404613E+02  1.187293014472E+02  7.335999999990E+00
  198     6 C     7.704488770373E+01  1.393809808478E+02  8.697999999990E+00
  199     6 C     1.583627932189E+02  1.393809808478E+02  8.697999999990E+00
  200     6 C     1.177038404613E+02  1.279351020715E+02  1.134799999999E+01
  201     6 C     1.177038404613E+02  1.279351020715E+02  6.047999999990E+00
  202     6 C     6.091939361006E+01  1.561355379842E+02  8.697999999990E+00
  203     6 C     1.744882873126E+02  1.561355379842E+02  8.697999999990E+00
  204     6 C     1.177038404613E+02  1.111805449352E+02  1.239899999999E+01
  205     6 C     1.177038404613E+02  1.111805449352E+02  4.996999999990E+00
  206     1 H     4.546899156218E+01  1.495533905377E+02  8.697999999990E+00
  207     1 H     1.899386893605E+02  1.495533905377E+02  8.697999999990E+00
  208     1 H     1.177038404613E+02  1.177626923816E+02  1.340599999999E+01
  209     1 H     1.042326855477E+02  1.013610242692E+02  5.107999999990E+00
  210     1 H     6.262246672557E+01  1.659550586501E+02  9.575999999990E+00
  211     1 H     6.262246672557E+01  1.659550586501E+02  7.819999999990E+00
  212     1 H     7.503495456741E+01  1.297916051974E+02  9.590999999990E+00
  213     1 H     7.503495456741E+01  1.297916051974E+02  7.804999999990E+00
  214     1 H     1.042326855477E+02  1.013610242692E+02  1.228799999999E+01
  215     1 H     1.311749953750E+02  1.013610242692E+02  1.228799999999E+01
  216     1 H     1.314051403906E+02  1.375244777219E+02  1.147899999999E+01
  217     1 H     1.040025405321E+02  1.375244777219E+02  1.147899999999E+01
  218     1 H     1.603727263552E+02  1.297916051974E+02  9.590999999990E+00
  219     1 H     1.603727263552E+02  1.297916051974E+02  7.804999999990E+00
  220     1 H     1.727852141971E+02  1.659550586501E+02  9.575999999990E+00
  221     1 H     1.727852141971E+02  1.659550586501E+02  7.819999999990E+00
  222     1 H     1.040025405321E+02  1.375244777219E+02  5.916999999990E+00
  223     1 H     1.314051403906E+02  1.375244777219E+02  5.916999999990E+00
  224     1 H     1.311749953750E+02  1.013610242692E+02  5.107999999990E+00
  225     1 H     1.177038404613E+02  1.177626923816E+02  3.989999999990E+00
 WARNING **** CRYSTA **** TESTGEOM  DIRECTIVE - GEOMETRY EDITING COMPLETE
 TTTTTTTTTTTTTTTTTTTTTTTTTTTTTT END         TELAPSE        4.09 TCPU        0.06
 EEEEEEEEEE TERMINATION  DATE 15 09 2019 TIME 16:47:26.4
Sun Sep 15 16:47:26 AEST 2019
Contents of temporary directory:
total 24
-rw-rw-r-- 1 hm1876 ep0 14447 Sep 15 16:47 fort.33
-rw-r--r-- 1 hm1876 ep0  6235 Sep 15 16:47 fort.34
SCF abnormal end - no wf written in fort.9
file fort.33 saved as /short/ep0/hm1876/TEOS/Molecular-Adsorption/100/option4/100-TEOS-01.xyz
geometry input file fort.34 saved as /short/ep0/hm1876/TEOS/Molecular-Adsorption/100/option4/100-TEOS-01.gui
temporary directory /home/561/hm1876/tmp7418_hm1876 removed
